info: Server started at http://localhost:3000/api/v1/ {"timestamp":"2025-02-10T04:33:12.353Z"}
info: Connected to the database. {"timestamp":"2025-02-10T04:33:14.064Z"}
info: Server started at http://localhost:3000/api/v1/ {"timestamp":"2025-02-10T04:33:30.807Z"}
info: Server started at http://localhost:3000/api/v1/ {"timestamp":"2025-02-10T04:33:36.960Z"}
info: Connected to the database. {"timestamp":"2025-02-10T04:33:38.165Z"}
info: Server started at http://localhost:3000/api/v1/ {"timestamp":"2025-02-10T04:33:58.423Z"}
info: Connected to the database. {"timestamp":"2025-02-10T04:33:59.135Z"}
info: Server started at http://localhost:3000/api/v1/ {"timestamp":"2025-02-10T04:58:17.134Z"}
info: Connected to the database. {"timestamp":"2025-02-10T04:58:26.052Z"}
info: Server started at http://localhost:3000/api/v1/ {"timestamp":"2025-02-10T05:52:58.923Z"}
info: Connected to the database. {"timestamp":"2025-02-10T05:53:05.014Z"}
info: Server started at http://localhost:3000/api/v1/ {"timestamp":"2025-02-10T08:11:40.908Z"}
info: Connected to the database. {"timestamp":"2025-02-10T08:11:43.311Z"}
info: Server started at http://localhost:3000/api/v1/ {"timestamp":"2025-02-10T08:11:54.285Z"}
info: Connected to the database. {"timestamp":"2025-02-10T08:11:55.456Z"}
info: Server started at http://localhost:3000/api/v1/ {"timestamp":"2025-02-10T08:12:13.204Z"}
info: Server started at http://localhost:3000/api/v1/ {"timestamp":"2025-02-10T08:12:30.985Z"}
info: Server started at http://localhost:3000/api/v1/ {"timestamp":"2025-02-10T08:12:45.442Z"}
info: Connected to the database. {"timestamp":"2025-02-10T08:12:48.344Z"}
info: Server started at http://localhost:3000/api/v1/ {"timestamp":"2025-02-10T08:13:00.474Z"}
info: Connected to the database. {"timestamp":"2025-02-10T08:13:01.710Z"}
info: Server started at http://localhost:3000/api/v1/ {"timestamp":"2025-02-10T08:13:16.142Z"}
info: Connected to the database. {"timestamp":"2025-02-10T08:13:17.314Z"}
info: Server started at http://localhost:3000/api/v1/ {"timestamp":"2025-02-10T08:22:12.654Z"}
info: Connected to the database. {"timestamp":"2025-02-10T08:22:15.411Z"}
info: Server started at http://localhost:3000/api/v1/ {"timestamp":"2025-02-10T08:22:40.844Z"}
info: Connected to the database. {"timestamp":"2025-02-10T08:22:42.161Z"}
info: Server started at http://localhost:3000/api/v1/ {"timestamp":"2025-02-10T08:22:51.602Z"}
info: Connected to the database. {"timestamp":"2025-02-10T08:22:52.716Z"}
info: Server started at http://localhost:3000/api/v1/ {"timestamp":"2025-02-10T08:22:58.251Z"}
info: Server started at http://localhost:3000/api/v1/ {"timestamp":"2025-02-10T08:23:05.485Z"}
info: Connected to the database. {"timestamp":"2025-02-10T08:23:06.723Z"}
info: Server started at http://localhost:3000/api/v1/ {"timestamp":"2025-02-10T08:23:27.438Z"}
info: Connected to the database. {"timestamp":"2025-02-10T08:23:30.365Z"}
info: Server started at http://localhost:3000/api/v1/ {"timestamp":"2025-02-10T08:28:21.922Z"}
info: Connected to the database. {"timestamp":"2025-02-10T08:28:24.081Z"}
info: Server started at http://localhost:3000/api/v1/ {"timestamp":"2025-02-10T08:28:36.542Z"}
info: Connected to the database. {"timestamp":"2025-02-10T08:28:39.165Z"}
info: Server started at http://localhost:3000/api/v1/ {"timestamp":"2025-02-10T08:28:59.704Z"}
info: Connected to the database. {"timestamp":"2025-02-10T08:29:02.487Z"}
info: Server started at http://localhost:3000/api/v1/ {"timestamp":"2025-02-10T08:37:02.297Z"}
info: Connected to the database. {"timestamp":"2025-02-10T08:37:04.492Z"}
info: Server started at http://localhost:3000/api/v1/ {"timestamp":"2025-02-10T08:37:14.397Z"}
info: Connected to the database. {"timestamp":"2025-02-10T08:37:16.795Z"}
info: Server started at http://localhost:3000/api/v1/ {"timestamp":"2025-02-10T08:37:35.375Z"}
info: Connected to the database. {"timestamp":"2025-02-10T08:37:36.237Z"}
info: Server started at http://localhost:3000/api/v1/ {"timestamp":"2025-02-10T08:39:28.708Z"}
info: Connected to the database. {"timestamp":"2025-02-10T08:39:35.541Z"}
info: Server started at http://localhost:3000/api/v1/ {"timestamp":"2025-02-10T08:39:48.483Z"}
info: Connected to the database. {"timestamp":"2025-02-10T08:39:49.870Z"}
info: Server started at http://localhost:3000/api/v1/ {"timestamp":"2025-02-10T08:40:12.716Z"}
info: Server started at http://localhost:3000/api/v1/ {"timestamp":"2025-02-10T08:40:35.312Z"}
info: Server started at http://localhost:3000/api/v1/ {"timestamp":"2025-02-10T08:40:41.844Z"}
info: Connected to the database. {"timestamp":"2025-02-10T08:40:43.299Z"}
info: Server started at http://localhost:3000/api/v1/ {"timestamp":"2025-02-10T08:41:03.497Z"}
info: Connected to the database. {"timestamp":"2025-02-10T08:41:05.339Z"}
info: Server started at http://localhost:3000/api/v1/ {"timestamp":"2025-02-10T08:44:56.450Z"}
info: Connected to the database. {"timestamp":"2025-02-10T08:45:01.833Z"}
info: Server started at http://localhost:3000/api/v1/ {"timestamp":"2025-02-10T08:45:17.514Z"}
info: Connected to the database. {"timestamp":"2025-02-10T08:45:18.781Z"}
info: Server started at http://localhost:3000/api/v1/ {"timestamp":"2025-02-10T08:48:11.512Z"}
info: Server started at http://localhost:3000/api/v1/ {"timestamp":"2025-02-10T08:48:21.811Z"}
info: Connected to the database. {"timestamp":"2025-02-10T08:48:23.174Z"}
info: Server started at http://localhost:3000/api/v1/ {"timestamp":"2025-02-10T08:50:58.965Z"}
info: Server started at http://localhost:3000/api/v1/ {"timestamp":"2025-02-10T08:51:15.815Z"}
info: Connected to the database. {"timestamp":"2025-02-10T08:51:18.207Z"}
info: Server started at http://localhost:3000/api/v1/ {"timestamp":"2025-02-10T08:51:27.642Z"}
info: Connected to the database. {"timestamp":"2025-02-10T08:51:29.985Z"}
info: Server started at http://localhost:3000/api/v1/ {"timestamp":"2025-02-10T08:51:36.883Z"}
info: Connected to the database. {"timestamp":"2025-02-10T08:51:38.075Z"}
info: Server started at http://localhost:3000/api/v1/ {"timestamp":"2025-02-10T08:51:43.661Z"}
info: Connected to the database. {"timestamp":"2025-02-10T08:51:44.734Z"}
info: Server started at http://localhost:3000/api/v1/ {"timestamp":"2025-02-10T08:52:07.123Z"}
error: Could not connect to the database. querySrv ENOTFOUND _mongodb._tcp.cluster0.rxit5.mongodb.net {"code":"ENOTFOUND","hostname":"_mongodb._tcp.cluster0.rxit5.mongodb.net","stack":"Error: querySrv ENOTFOUND _mongodb._tcp.cluster0.rxit5.mongodb.net\n    at QueryReqWrap.onresolve [as oncomplete] (node:internal/dns/callback_resolver:45:19)","syscall":"querySrv","timestamp":"2025-02-10T08:52:07.564Z"}
info: Server started at http://localhost:3000/api/v1/ {"timestamp":"2025-02-10T08:52:28.254Z"}
info: Connected to the database. {"timestamp":"2025-02-10T08:52:30.813Z"}
info: Server started at http://localhost:3000/api/v1/ {"timestamp":"2025-02-10T08:52:55.824Z"}
info: Server started at http://localhost:3000/api/v1/ {"timestamp":"2025-02-10T08:53:25.942Z"}
info: Connected to the database. {"timestamp":"2025-02-10T08:53:28.458Z"}
error: 
    status - 500 
    message - ValidationError: "password" with value "normalpassword" fails to match the required pattern: /^(?=.*[a-z])(?=.*[A-Z])(?=.*\d)(?=.*[@$!%*?&#^()_+=-])[A-Za-z\d@$!%*?&#^()_+=-]{6,}$/ 
    url - /api/v1/users/ 
    method - POST 
    IP - ::1
   {"timestamp":"2025-02-10T08:54:32.672Z"}
error: 
    status - 500 
    message - ValidationError: "email" with value "sparsh@hotmail.com" fails to match the required pattern: /^[a-zA-Z0-9._%+-]+@gmail\.com$/ 
    url - /api/v1/users/ 
    method - POST 
    IP - ::1
   {"timestamp":"2025-02-10T08:56:18.371Z"}
info: Server started at http://localhost:3000/api/v1/ {"timestamp":"2025-02-10T09:00:34.261Z"}
info: Connected to the database. {"timestamp":"2025-02-10T09:00:36.814Z"}
info: Server started at http://localhost:3000/api/v1/ {"timestamp":"2025-02-10T09:01:18.800Z"}
info: Connected to the database. {"timestamp":"2025-02-10T09:01:20.338Z"}
error: 
    status - 500 
    message - ValidationError: "password" with value "Pass@" fails to match the required pattern: /^(?=.*[a-z])(?=.*[A-Z])(?=.*\d)(?=.*[@$!%*?&#^()_+=-])[A-Za-z\d@$!%*?&#^()_+=-]{6,}$/ 
    url - /api/v1/users/ 
    method - POST 
    IP - ::1
   {"timestamp":"2025-02-10T09:14:50.629Z"}
info: Server started at http://localhost:3000/api/v1/ {"timestamp":"2025-02-10T09:19:11.156Z"}
info: Server started at http://localhost:3000/api/v1/ {"timestamp":"2025-02-10T09:19:16.953Z"}
info: Connected to the database. {"timestamp":"2025-02-10T09:19:21.663Z"}
info: Server started at http://localhost:3000/api/v1/ {"timestamp":"2025-02-10T09:20:00.213Z"}
info: Server started at http://localhost:3000/api/v1/ {"timestamp":"2025-02-10T09:20:16.589Z"}
info: Connected to the database. {"timestamp":"2025-02-10T09:20:20.598Z"}
info: Server started at http://localhost:3000/api/v1/ {"timestamp":"2025-02-10T09:21:00.090Z"}
info: Server started at http://localhost:3000/api/v1/ {"timestamp":"2025-02-10T09:21:28.510Z"}
info: Connected to the database. {"timestamp":"2025-02-10T09:21:31.661Z"}
info: Server started at http://localhost:3000/api/v1/ {"timestamp":"2025-02-10T09:21:49.210Z"}
info: Server started at http://localhost:3000/api/v1/ {"timestamp":"2025-02-10T09:21:57.469Z"}
info: Connected to the database. {"timestamp":"2025-02-10T09:22:00.310Z"}
info: Server started at http://localhost:3000/api/v1/ {"timestamp":"2025-02-10T09:22:12.358Z"}
info: Connected to the database. {"timestamp":"2025-02-10T09:22:13.636Z"}
info: Server started at http://localhost:3000/api/v1/ {"timestamp":"2025-02-10T09:22:40.753Z"}
info: Server started at http://localhost:3000/api/v1/ {"timestamp":"2025-02-10T09:23:05.264Z"}
info: Connected to the database. {"timestamp":"2025-02-10T09:23:09.329Z"}
info: Server started at http://localhost:3000/api/v1/ {"timestamp":"2025-02-10T09:33:46.563Z"}
info: Connected to the database. {"timestamp":"2025-02-10T09:33:54.303Z"}
error: 
    status - 500 
    message - Error: Cannot apply rules to empty ruleset or the last rule added does not support rule properties
    at new module.exports (C:\My Data\Professional\FundooNotes\node_modules\@hapi\hoek\lib\error.js:23:19)
    at module.exports (C:\My Data\Professional\FundooNotes\node_modules\@hapi\hoek\lib\assert.js:21:11)
    at internals.Base.rule (C:\My Data\Professional\FundooNotes\node_modules\@hapi\joi\lib\base.js:465:9)
    at internals.Base.message (C:\My Data\Professional\FundooNotes\node_modules\@hapi\joi\lib\extend.js:145:29)
    at newUserValidator (C:\My Data\Professional\FundooNotes\src\validators\/user.validator.js:22:8)
    at Layer.handle [as handle_request] (C:\My Data\Professional\FundooNotes\node_modules\express\lib\router\layer.js:95:5)
    at next (C:\My Data\Professional\FundooNotes\node_modules\express\lib\router\route.js:149:13)
    at Route.dispatch (C:\My Data\Professional\FundooNotes\node_modules\express\lib\router\route.js:119:3)
    at Layer.handle [as handle_request] (C:\My Data\Professional\FundooNotes\node_modules\express\lib\router\layer.js:95:5)
    at C:\My Data\Professional\FundooNotes\node_modules\express\lib\router\index.js:284:15
    at Function.process_params (C:\My Data\Professional\FundooNotes\node_modules\express\lib\router\index.js:346:12)
    at next (C:\My Data\Professional\FundooNotes\node_modules\express\lib\router\index.js:280:10)
    at Function.handle (C:\My Data\Professional\FundooNotes\node_modules\express\lib\router\index.js:175:3)
    at router (C:\My Data\Professional\FundooNotes\node_modules\express\lib\router\index.js:47:12)
    at Layer.handle [as handle_request] (C:\My Data\Professional\FundooNotes\node_modules\express\lib\router\layer.js:95:5)
    at trim_prefix (C:\My Data\Professional\FundooNotes\node_modules\express\lib\router\index.js:328:13)
    at C:\My Data\Professional\FundooNotes\node_modules\express\lib\router\index.js:286:9
    at Function.process_params (C:\My Data\Professional\FundooNotes\node_modules\express\lib\router\index.js:346:12)
    at next (C:\My Data\Professional\FundooNotes\node_modules\express\lib\router\index.js:280:10)
    at Function.handle (C:\My Data\Professional\FundooNotes\node_modules\express\lib\router\index.js:175:3)
    at router (C:\My Data\Professional\FundooNotes\node_modules\express\lib\router\index.js:47:12)
    at Layer.handle [as handle_request] (C:\My Data\Professional\FundooNotes\node_modules\express\lib\router\layer.js:95:5)
    at trim_prefix (C:\My Data\Professional\FundooNotes\node_modules\express\lib\router\index.js:328:13)
    at C:\My Data\Professional\FundooNotes\node_modules\express\lib\router\index.js:286:9
    at Function.process_params (C:\My Data\Professional\FundooNotes\node_modules\express\lib\router\index.js:346:12)
    at next (C:\My Data\Professional\FundooNotes\node_modules\express\lib\router\index.js:280:10)
    at logger (C:\My Data\Professional\FundooNotes\node_modules\morgan\index.js:144:5)
    at Layer.handle [as handle_request] (C:\My Data\Professional\FundooNotes\node_modules\express\lib\router\layer.js:95:5)
    at trim_prefix (C:\My Data\Professional\FundooNotes\node_modules\express\lib\router\index.js:328:13)
    at C:\My Data\Professional\FundooNotes\node_modules\express\lib\router\index.js:286:9
    at Function.process_params (C:\My Data\Professional\FundooNotes\node_modules\express\lib\router\index.js:346:12)
    at next (C:\My Data\Professional\FundooNotes\node_modules\express\lib\router\index.js:280:10)
    at C:\My Data\Professional\FundooNotes\node_modules\body-parser\lib\read.js:137:5
    at AsyncResource.runInAsyncScope (node:async_hooks:211:14)
    at invokeCallback (C:\My Data\Professional\FundooNotes\node_modules\raw-body\index.js:238:16)
    at done (C:\My Data\Professional\FundooNotes\node_modules\raw-body\index.js:227:7)
    at IncomingMessage.onEnd (C:\My Data\Professional\FundooNotes\node_modules\raw-body\index.js:287:7)
    at IncomingMessage.emit (node:events:513:28)
    at IncomingMessage.emit (node:domain:489:12)
    at endReadableNT (node:internal/streams/readable:1696:12)
    at processTicksAndRejections (node:internal/process/task_queues:90:21) 
    url - /api/v1/users/ 
    method - POST 
    IP - ::1
   {"timestamp":"2025-02-10T09:34:23.803Z"}
error: 
    status - 500 
    message - Error: Cannot apply rules to empty ruleset or the last rule added does not support rule properties
    at new module.exports (C:\My Data\Professional\FundooNotes\node_modules\@hapi\hoek\lib\error.js:23:19)
    at module.exports (C:\My Data\Professional\FundooNotes\node_modules\@hapi\hoek\lib\assert.js:21:11)
    at internals.Base.rule (C:\My Data\Professional\FundooNotes\node_modules\@hapi\joi\lib\base.js:465:9)
    at internals.Base.message (C:\My Data\Professional\FundooNotes\node_modules\@hapi\joi\lib\extend.js:145:29)
    at newUserValidator (C:\My Data\Professional\FundooNotes\src\validators\/user.validator.js:22:8)
    at Layer.handle [as handle_request] (C:\My Data\Professional\FundooNotes\node_modules\express\lib\router\layer.js:95:5)
    at next (C:\My Data\Professional\FundooNotes\node_modules\express\lib\router\route.js:149:13)
    at Route.dispatch (C:\My Data\Professional\FundooNotes\node_modules\express\lib\router\route.js:119:3)
    at Layer.handle [as handle_request] (C:\My Data\Professional\FundooNotes\node_modules\express\lib\router\layer.js:95:5)
    at C:\My Data\Professional\FundooNotes\node_modules\express\lib\router\index.js:284:15
    at Function.process_params (C:\My Data\Professional\FundooNotes\node_modules\express\lib\router\index.js:346:12)
    at next (C:\My Data\Professional\FundooNotes\node_modules\express\lib\router\index.js:280:10)
    at Function.handle (C:\My Data\Professional\FundooNotes\node_modules\express\lib\router\index.js:175:3)
    at router (C:\My Data\Professional\FundooNotes\node_modules\express\lib\router\index.js:47:12)
    at Layer.handle [as handle_request] (C:\My Data\Professional\FundooNotes\node_modules\express\lib\router\layer.js:95:5)
    at trim_prefix (C:\My Data\Professional\FundooNotes\node_modules\express\lib\router\index.js:328:13)
    at C:\My Data\Professional\FundooNotes\node_modules\express\lib\router\index.js:286:9
    at Function.process_params (C:\My Data\Professional\FundooNotes\node_modules\express\lib\router\index.js:346:12)
    at next (C:\My Data\Professional\FundooNotes\node_modules\express\lib\router\index.js:280:10)
    at Function.handle (C:\My Data\Professional\FundooNotes\node_modules\express\lib\router\index.js:175:3)
    at router (C:\My Data\Professional\FundooNotes\node_modules\express\lib\router\index.js:47:12)
    at Layer.handle [as handle_request] (C:\My Data\Professional\FundooNotes\node_modules\express\lib\router\layer.js:95:5)
    at trim_prefix (C:\My Data\Professional\FundooNotes\node_modules\express\lib\router\index.js:328:13)
    at C:\My Data\Professional\FundooNotes\node_modules\express\lib\router\index.js:286:9
    at Function.process_params (C:\My Data\Professional\FundooNotes\node_modules\express\lib\router\index.js:346:12)
    at next (C:\My Data\Professional\FundooNotes\node_modules\express\lib\router\index.js:280:10)
    at logger (C:\My Data\Professional\FundooNotes\node_modules\morgan\index.js:144:5)
    at Layer.handle [as handle_request] (C:\My Data\Professional\FundooNotes\node_modules\express\lib\router\layer.js:95:5)
    at trim_prefix (C:\My Data\Professional\FundooNotes\node_modules\express\lib\router\index.js:328:13)
    at C:\My Data\Professional\FundooNotes\node_modules\express\lib\router\index.js:286:9
    at Function.process_params (C:\My Data\Professional\FundooNotes\node_modules\express\lib\router\index.js:346:12)
    at next (C:\My Data\Professional\FundooNotes\node_modules\express\lib\router\index.js:280:10)
    at C:\My Data\Professional\FundooNotes\node_modules\body-parser\lib\read.js:137:5
    at AsyncResource.runInAsyncScope (node:async_hooks:211:14)
    at invokeCallback (C:\My Data\Professional\FundooNotes\node_modules\raw-body\index.js:238:16)
    at done (C:\My Data\Professional\FundooNotes\node_modules\raw-body\index.js:227:7)
    at IncomingMessage.onEnd (C:\My Data\Professional\FundooNotes\node_modules\raw-body\index.js:287:7)
    at IncomingMessage.emit (node:events:513:28)
    at IncomingMessage.emit (node:domain:489:12)
    at endReadableNT (node:internal/streams/readable:1696:12)
    at processTicksAndRejections (node:internal/process/task_queues:90:21) 
    url - /api/v1/users/ 
    method - POST 
    IP - ::1
   {"timestamp":"2025-02-10T09:34:43.259Z"}
info: Server started at http://localhost:3000/api/v1/ {"timestamp":"2025-02-10T09:35:27.518Z"}
info: Connected to the database. {"timestamp":"2025-02-10T09:35:30.003Z"}
error: 
    status - 500 
    message - Error: Cannot apply rules to empty ruleset or the last rule added does not support rule properties
    at new module.exports (C:\My Data\Professional\FundooNotes\node_modules\@hapi\hoek\lib\error.js:23:19)
    at module.exports (C:\My Data\Professional\FundooNotes\node_modules\@hapi\hoek\lib\assert.js:21:11)
    at internals.Base.rule (C:\My Data\Professional\FundooNotes\node_modules\@hapi\joi\lib\base.js:465:9)
    at internals.Base.message (C:\My Data\Professional\FundooNotes\node_modules\@hapi\joi\lib\extend.js:145:29)
    at newUserValidator (C:\My Data\Professional\FundooNotes\src\validators\/user.validator.js:22:8)
    at Layer.handle [as handle_request] (C:\My Data\Professional\FundooNotes\node_modules\express\lib\router\layer.js:95:5)
    at next (C:\My Data\Professional\FundooNotes\node_modules\express\lib\router\route.js:149:13)
    at Route.dispatch (C:\My Data\Professional\FundooNotes\node_modules\express\lib\router\route.js:119:3)
    at Layer.handle [as handle_request] (C:\My Data\Professional\FundooNotes\node_modules\express\lib\router\layer.js:95:5)
    at C:\My Data\Professional\FundooNotes\node_modules\express\lib\router\index.js:284:15
    at Function.process_params (C:\My Data\Professional\FundooNotes\node_modules\express\lib\router\index.js:346:12)
    at next (C:\My Data\Professional\FundooNotes\node_modules\express\lib\router\index.js:280:10)
    at Function.handle (C:\My Data\Professional\FundooNotes\node_modules\express\lib\router\index.js:175:3)
    at router (C:\My Data\Professional\FundooNotes\node_modules\express\lib\router\index.js:47:12)
    at Layer.handle [as handle_request] (C:\My Data\Professional\FundooNotes\node_modules\express\lib\router\layer.js:95:5)
    at trim_prefix (C:\My Data\Professional\FundooNotes\node_modules\express\lib\router\index.js:328:13)
    at C:\My Data\Professional\FundooNotes\node_modules\express\lib\router\index.js:286:9
    at Function.process_params (C:\My Data\Professional\FundooNotes\node_modules\express\lib\router\index.js:346:12)
    at next (C:\My Data\Professional\FundooNotes\node_modules\express\lib\router\index.js:280:10)
    at Function.handle (C:\My Data\Professional\FundooNotes\node_modules\express\lib\router\index.js:175:3)
    at router (C:\My Data\Professional\FundooNotes\node_modules\express\lib\router\index.js:47:12)
    at Layer.handle [as handle_request] (C:\My Data\Professional\FundooNotes\node_modules\express\lib\router\layer.js:95:5)
    at trim_prefix (C:\My Data\Professional\FundooNotes\node_modules\express\lib\router\index.js:328:13)
    at C:\My Data\Professional\FundooNotes\node_modules\express\lib\router\index.js:286:9
    at Function.process_params (C:\My Data\Professional\FundooNotes\node_modules\express\lib\router\index.js:346:12)
    at next (C:\My Data\Professional\FundooNotes\node_modules\express\lib\router\index.js:280:10)
    at logger (C:\My Data\Professional\FundooNotes\node_modules\morgan\index.js:144:5)
    at Layer.handle [as handle_request] (C:\My Data\Professional\FundooNotes\node_modules\express\lib\router\layer.js:95:5)
    at trim_prefix (C:\My Data\Professional\FundooNotes\node_modules\express\lib\router\index.js:328:13)
    at C:\My Data\Professional\FundooNotes\node_modules\express\lib\router\index.js:286:9
    at Function.process_params (C:\My Data\Professional\FundooNotes\node_modules\express\lib\router\index.js:346:12)
    at next (C:\My Data\Professional\FundooNotes\node_modules\express\lib\router\index.js:280:10)
    at C:\My Data\Professional\FundooNotes\node_modules\body-parser\lib\read.js:137:5
    at AsyncResource.runInAsyncScope (node:async_hooks:211:14)
    at invokeCallback (C:\My Data\Professional\FundooNotes\node_modules\raw-body\index.js:238:16)
    at done (C:\My Data\Professional\FundooNotes\node_modules\raw-body\index.js:227:7)
    at IncomingMessage.onEnd (C:\My Data\Professional\FundooNotes\node_modules\raw-body\index.js:287:7)
    at IncomingMessage.emit (node:events:513:28)
    at IncomingMessage.emit (node:domain:489:12)
    at endReadableNT (node:internal/streams/readable:1696:12)
    at processTicksAndRejections (node:internal/process/task_queues:90:21) 
    url - /api/v1/users/ 
    method - POST 
    IP - ::1
   {"timestamp":"2025-02-10T09:36:06.708Z"}
info: Server started at http://localhost:3000/api/v1/ {"timestamp":"2025-02-10T09:46:49.496Z"}
info: Connected to the database. {"timestamp":"2025-02-10T09:46:53.516Z"}
error: 
    status - 500 
    message - ValidationError: Password must be at least 6 characters long, and include at least one uppercase letter, one lowercase letter, one number, and one special character. 
    url - /api/v1/users/ 
    method - POST 
    IP - ::1
   {"timestamp":"2025-02-10T09:46:57.876Z"}
error: 
    status - 500 
    message - ValidationError: Password must be at least 6 characters long, and include at least one uppercase letter, one lowercase letter, one number, and one special character. 
    url - /api/v1/users/ 
    method - POST 
    IP - ::1
   {"timestamp":"2025-02-10T09:47:06.873Z"}
error: 
    status - 500 
    message - ValidationError: Password must be at least 6 characters long, and include at least one uppercase letter, one lowercase letter, one number, and one special character. 
    url - /api/v1/users/ 
    method - POST 
    IP - ::1
   {"timestamp":"2025-02-10T09:47:30.341Z"}
info: Server started at http://localhost:3000/api/v1/ {"timestamp":"2025-02-10T09:48:25.828Z"}
info: Server started at http://localhost:3000/api/v1/ {"timestamp":"2025-02-10T09:48:32.336Z"}
info: Connected to the database. {"timestamp":"2025-02-10T09:48:33.783Z"}
error: 
    status - 500 
    message - ValidationError: Password must be at least 6 characters long, and include at least one uppercase letter, one lowercase letter, one number, and one special character. 
    url - /api/v1/users/ 
    method - POST 
    IP - ::1
   {"timestamp":"2025-02-10T09:48:41.905Z"}
info: Server started at http://localhost:3000/api/v1/ {"timestamp":"2025-02-10T09:49:59.109Z"}
info: Connected to the database. {"timestamp":"2025-02-10T09:50:02.031Z"}
error: 
    status - 500 
    message - Error: Cannot apply rules to empty ruleset or the last rule added does not support rule properties
    at new module.exports (C:\My Data\Professional\FundooNotes\node_modules\@hapi\hoek\lib\error.js:23:19)
    at module.exports (C:\My Data\Professional\FundooNotes\node_modules\@hapi\hoek\lib\assert.js:21:11)
    at internals.Base.rule (C:\My Data\Professional\FundooNotes\node_modules\@hapi\joi\lib\base.js:465:9)
    at internals.Base.message (C:\My Data\Professional\FundooNotes\node_modules\@hapi\joi\lib\extend.js:145:29)
    at newUserValidator (C:\My Data\Professional\FundooNotes\src\validators\/user.validator.js:23:8)
    at Layer.handle [as handle_request] (C:\My Data\Professional\FundooNotes\node_modules\express\lib\router\layer.js:95:5)
    at next (C:\My Data\Professional\FundooNotes\node_modules\express\lib\router\route.js:149:13)
    at Route.dispatch (C:\My Data\Professional\FundooNotes\node_modules\express\lib\router\route.js:119:3)
    at Layer.handle [as handle_request] (C:\My Data\Professional\FundooNotes\node_modules\express\lib\router\layer.js:95:5)
    at C:\My Data\Professional\FundooNotes\node_modules\express\lib\router\index.js:284:15
    at Function.process_params (C:\My Data\Professional\FundooNotes\node_modules\express\lib\router\index.js:346:12)
    at next (C:\My Data\Professional\FundooNotes\node_modules\express\lib\router\index.js:280:10)
    at Function.handle (C:\My Data\Professional\FundooNotes\node_modules\express\lib\router\index.js:175:3)
    at router (C:\My Data\Professional\FundooNotes\node_modules\express\lib\router\index.js:47:12)
    at Layer.handle [as handle_request] (C:\My Data\Professional\FundooNotes\node_modules\express\lib\router\layer.js:95:5)
    at trim_prefix (C:\My Data\Professional\FundooNotes\node_modules\express\lib\router\index.js:328:13)
    at C:\My Data\Professional\FundooNotes\node_modules\express\lib\router\index.js:286:9
    at Function.process_params (C:\My Data\Professional\FundooNotes\node_modules\express\lib\router\index.js:346:12)
    at next (C:\My Data\Professional\FundooNotes\node_modules\express\lib\router\index.js:280:10)
    at Function.handle (C:\My Data\Professional\FundooNotes\node_modules\express\lib\router\index.js:175:3)
    at router (C:\My Data\Professional\FundooNotes\node_modules\express\lib\router\index.js:47:12)
    at Layer.handle [as handle_request] (C:\My Data\Professional\FundooNotes\node_modules\express\lib\router\layer.js:95:5)
    at trim_prefix (C:\My Data\Professional\FundooNotes\node_modules\express\lib\router\index.js:328:13)
    at C:\My Data\Professional\FundooNotes\node_modules\express\lib\router\index.js:286:9
    at Function.process_params (C:\My Data\Professional\FundooNotes\node_modules\express\lib\router\index.js:346:12)
    at next (C:\My Data\Professional\FundooNotes\node_modules\express\lib\router\index.js:280:10)
    at logger (C:\My Data\Professional\FundooNotes\node_modules\morgan\index.js:144:5)
    at Layer.handle [as handle_request] (C:\My Data\Professional\FundooNotes\node_modules\express\lib\router\layer.js:95:5)
    at trim_prefix (C:\My Data\Professional\FundooNotes\node_modules\express\lib\router\index.js:328:13)
    at C:\My Data\Professional\FundooNotes\node_modules\express\lib\router\index.js:286:9
    at Function.process_params (C:\My Data\Professional\FundooNotes\node_modules\express\lib\router\index.js:346:12)
    at next (C:\My Data\Professional\FundooNotes\node_modules\express\lib\router\index.js:280:10)
    at C:\My Data\Professional\FundooNotes\node_modules\body-parser\lib\read.js:137:5
    at AsyncResource.runInAsyncScope (node:async_hooks:211:14)
    at invokeCallback (C:\My Data\Professional\FundooNotes\node_modules\raw-body\index.js:238:16)
    at done (C:\My Data\Professional\FundooNotes\node_modules\raw-body\index.js:227:7)
    at IncomingMessage.onEnd (C:\My Data\Professional\FundooNotes\node_modules\raw-body\index.js:287:7)
    at IncomingMessage.emit (node:events:513:28)
    at IncomingMessage.emit (node:domain:489:12)
    at endReadableNT (node:internal/streams/readable:1696:12)
    at processTicksAndRejections (node:internal/process/task_queues:90:21) 
    url - /api/v1/users/ 
    method - POST 
    IP - ::1
   {"timestamp":"2025-02-10T09:50:05.199Z"}
info: Server started at http://localhost:3000/api/v1/ {"timestamp":"2025-02-10T09:51:01.337Z"}
info: Connected to the database. {"timestamp":"2025-02-10T09:51:07.524Z"}
error: 
    status - 500 
    message - Error: Cannot apply rules to empty ruleset or the last rule added does not support rule properties
    at new module.exports (C:\My Data\Professional\FundooNotes\node_modules\@hapi\hoek\lib\error.js:23:19)
    at module.exports (C:\My Data\Professional\FundooNotes\node_modules\@hapi\hoek\lib\assert.js:21:11)
    at internals.Base.rule (C:\My Data\Professional\FundooNotes\node_modules\@hapi\joi\lib\base.js:465:9)
    at internals.Base.message (C:\My Data\Professional\FundooNotes\node_modules\@hapi\joi\lib\extend.js:145:29)
    at newUserValidator (C:\My Data\Professional\FundooNotes\src\validators\/user.validator.js:23:8)
    at Layer.handle [as handle_request] (C:\My Data\Professional\FundooNotes\node_modules\express\lib\router\layer.js:95:5)
    at next (C:\My Data\Professional\FundooNotes\node_modules\express\lib\router\route.js:149:13)
    at Route.dispatch (C:\My Data\Professional\FundooNotes\node_modules\express\lib\router\route.js:119:3)
    at Layer.handle [as handle_request] (C:\My Data\Professional\FundooNotes\node_modules\express\lib\router\layer.js:95:5)
    at C:\My Data\Professional\FundooNotes\node_modules\express\lib\router\index.js:284:15
    at Function.process_params (C:\My Data\Professional\FundooNotes\node_modules\express\lib\router\index.js:346:12)
    at next (C:\My Data\Professional\FundooNotes\node_modules\express\lib\router\index.js:280:10)
    at Function.handle (C:\My Data\Professional\FundooNotes\node_modules\express\lib\router\index.js:175:3)
    at router (C:\My Data\Professional\FundooNotes\node_modules\express\lib\router\index.js:47:12)
    at Layer.handle [as handle_request] (C:\My Data\Professional\FundooNotes\node_modules\express\lib\router\layer.js:95:5)
    at trim_prefix (C:\My Data\Professional\FundooNotes\node_modules\express\lib\router\index.js:328:13)
    at C:\My Data\Professional\FundooNotes\node_modules\express\lib\router\index.js:286:9
    at Function.process_params (C:\My Data\Professional\FundooNotes\node_modules\express\lib\router\index.js:346:12)
    at next (C:\My Data\Professional\FundooNotes\node_modules\express\lib\router\index.js:280:10)
    at Function.handle (C:\My Data\Professional\FundooNotes\node_modules\express\lib\router\index.js:175:3)
    at router (C:\My Data\Professional\FundooNotes\node_modules\express\lib\router\index.js:47:12)
    at Layer.handle [as handle_request] (C:\My Data\Professional\FundooNotes\node_modules\express\lib\router\layer.js:95:5)
    at trim_prefix (C:\My Data\Professional\FundooNotes\node_modules\express\lib\router\index.js:328:13)
    at C:\My Data\Professional\FundooNotes\node_modules\express\lib\router\index.js:286:9
    at Function.process_params (C:\My Data\Professional\FundooNotes\node_modules\express\lib\router\index.js:346:12)
    at next (C:\My Data\Professional\FundooNotes\node_modules\express\lib\router\index.js:280:10)
    at logger (C:\My Data\Professional\FundooNotes\node_modules\morgan\index.js:144:5)
    at Layer.handle [as handle_request] (C:\My Data\Professional\FundooNotes\node_modules\express\lib\router\layer.js:95:5)
    at trim_prefix (C:\My Data\Professional\FundooNotes\node_modules\express\lib\router\index.js:328:13)
    at C:\My Data\Professional\FundooNotes\node_modules\express\lib\router\index.js:286:9
    at Function.process_params (C:\My Data\Professional\FundooNotes\node_modules\express\lib\router\index.js:346:12)
    at next (C:\My Data\Professional\FundooNotes\node_modules\express\lib\router\index.js:280:10)
    at C:\My Data\Professional\FundooNotes\node_modules\body-parser\lib\read.js:137:5
    at AsyncResource.runInAsyncScope (node:async_hooks:211:14)
    at invokeCallback (C:\My Data\Professional\FundooNotes\node_modules\raw-body\index.js:238:16)
    at done (C:\My Data\Professional\FundooNotes\node_modules\raw-body\index.js:227:7)
    at IncomingMessage.onEnd (C:\My Data\Professional\FundooNotes\node_modules\raw-body\index.js:287:7)
    at IncomingMessage.emit (node:events:513:28)
    at IncomingMessage.emit (node:domain:489:12)
    at endReadableNT (node:internal/streams/readable:1696:12)
    at processTicksAndRejections (node:internal/process/task_queues:90:21) 
    url - /api/v1/users/ 
    method - POST 
    IP - ::1
   {"timestamp":"2025-02-10T09:51:45.159Z"}
error: 
    status - 500 
    message - Error: Cannot apply rules to empty ruleset or the last rule added does not support rule properties
    at new module.exports (C:\My Data\Professional\FundooNotes\node_modules\@hapi\hoek\lib\error.js:23:19)
    at module.exports (C:\My Data\Professional\FundooNotes\node_modules\@hapi\hoek\lib\assert.js:21:11)
    at internals.Base.rule (C:\My Data\Professional\FundooNotes\node_modules\@hapi\joi\lib\base.js:465:9)
    at internals.Base.message (C:\My Data\Professional\FundooNotes\node_modules\@hapi\joi\lib\extend.js:145:29)
    at newUserValidator (C:\My Data\Professional\FundooNotes\src\validators\/user.validator.js:23:8)
    at Layer.handle [as handle_request] (C:\My Data\Professional\FundooNotes\node_modules\express\lib\router\layer.js:95:5)
    at next (C:\My Data\Professional\FundooNotes\node_modules\express\lib\router\route.js:149:13)
    at Route.dispatch (C:\My Data\Professional\FundooNotes\node_modules\express\lib\router\route.js:119:3)
    at Layer.handle [as handle_request] (C:\My Data\Professional\FundooNotes\node_modules\express\lib\router\layer.js:95:5)
    at C:\My Data\Professional\FundooNotes\node_modules\express\lib\router\index.js:284:15
    at Function.process_params (C:\My Data\Professional\FundooNotes\node_modules\express\lib\router\index.js:346:12)
    at next (C:\My Data\Professional\FundooNotes\node_modules\express\lib\router\index.js:280:10)
    at Function.handle (C:\My Data\Professional\FundooNotes\node_modules\express\lib\router\index.js:175:3)
    at router (C:\My Data\Professional\FundooNotes\node_modules\express\lib\router\index.js:47:12)
    at Layer.handle [as handle_request] (C:\My Data\Professional\FundooNotes\node_modules\express\lib\router\layer.js:95:5)
    at trim_prefix (C:\My Data\Professional\FundooNotes\node_modules\express\lib\router\index.js:328:13)
    at C:\My Data\Professional\FundooNotes\node_modules\express\lib\router\index.js:286:9
    at Function.process_params (C:\My Data\Professional\FundooNotes\node_modules\express\lib\router\index.js:346:12)
    at next (C:\My Data\Professional\FundooNotes\node_modules\express\lib\router\index.js:280:10)
    at Function.handle (C:\My Data\Professional\FundooNotes\node_modules\express\lib\router\index.js:175:3)
    at router (C:\My Data\Professional\FundooNotes\node_modules\express\lib\router\index.js:47:12)
    at Layer.handle [as handle_request] (C:\My Data\Professional\FundooNotes\node_modules\express\lib\router\layer.js:95:5)
    at trim_prefix (C:\My Data\Professional\FundooNotes\node_modules\express\lib\router\index.js:328:13)
    at C:\My Data\Professional\FundooNotes\node_modules\express\lib\router\index.js:286:9
    at Function.process_params (C:\My Data\Professional\FundooNotes\node_modules\express\lib\router\index.js:346:12)
    at next (C:\My Data\Professional\FundooNotes\node_modules\express\lib\router\index.js:280:10)
    at logger (C:\My Data\Professional\FundooNotes\node_modules\morgan\index.js:144:5)
    at Layer.handle [as handle_request] (C:\My Data\Professional\FundooNotes\node_modules\express\lib\router\layer.js:95:5)
    at trim_prefix (C:\My Data\Professional\FundooNotes\node_modules\express\lib\router\index.js:328:13)
    at C:\My Data\Professional\FundooNotes\node_modules\express\lib\router\index.js:286:9
    at Function.process_params (C:\My Data\Professional\FundooNotes\node_modules\express\lib\router\index.js:346:12)
    at next (C:\My Data\Professional\FundooNotes\node_modules\express\lib\router\index.js:280:10)
    at C:\My Data\Professional\FundooNotes\node_modules\body-parser\lib\read.js:137:5
    at AsyncResource.runInAsyncScope (node:async_hooks:211:14)
    at invokeCallback (C:\My Data\Professional\FundooNotes\node_modules\raw-body\index.js:238:16)
    at done (C:\My Data\Professional\FundooNotes\node_modules\raw-body\index.js:227:7)
    at IncomingMessage.onEnd (C:\My Data\Professional\FundooNotes\node_modules\raw-body\index.js:287:7)
    at IncomingMessage.emit (node:events:513:28)
    at IncomingMessage.emit (node:domain:489:12)
    at endReadableNT (node:internal/streams/readable:1696:12)
    at processTicksAndRejections (node:internal/process/task_queues:90:21) 
    url - /api/v1/users/ 
    method - POST 
    IP - ::1
   {"timestamp":"2025-02-10T09:51:51.494Z"}
info: Server started at http://localhost:3000/api/v1/ {"timestamp":"2025-02-10T09:53:21.991Z"}
info: Connected to the database. {"timestamp":"2025-02-10T09:53:23.775Z"}
error: 
    status - 500 
    message - Error: Cannot apply rules to empty ruleset or the last rule added does not support rule properties
    at new module.exports (C:\My Data\Professional\FundooNotes\node_modules\@hapi\hoek\lib\error.js:23:19)
    at module.exports (C:\My Data\Professional\FundooNotes\node_modules\@hapi\hoek\lib\assert.js:21:11)
    at internals.Base.rule (C:\My Data\Professional\FundooNotes\node_modules\@hapi\joi\lib\base.js:465:9)
    at internals.Base.message (C:\My Data\Professional\FundooNotes\node_modules\@hapi\joi\lib\extend.js:145:29)
    at newUserValidator (C:\My Data\Professional\FundooNotes\src\validators\/user.validator.js:23:8)
    at Layer.handle [as handle_request] (C:\My Data\Professional\FundooNotes\node_modules\express\lib\router\layer.js:95:5)
    at next (C:\My Data\Professional\FundooNotes\node_modules\express\lib\router\route.js:149:13)
    at Route.dispatch (C:\My Data\Professional\FundooNotes\node_modules\express\lib\router\route.js:119:3)
    at Layer.handle [as handle_request] (C:\My Data\Professional\FundooNotes\node_modules\express\lib\router\layer.js:95:5)
    at C:\My Data\Professional\FundooNotes\node_modules\express\lib\router\index.js:284:15
    at Function.process_params (C:\My Data\Professional\FundooNotes\node_modules\express\lib\router\index.js:346:12)
    at next (C:\My Data\Professional\FundooNotes\node_modules\express\lib\router\index.js:280:10)
    at Function.handle (C:\My Data\Professional\FundooNotes\node_modules\express\lib\router\index.js:175:3)
    at router (C:\My Data\Professional\FundooNotes\node_modules\express\lib\router\index.js:47:12)
    at Layer.handle [as handle_request] (C:\My Data\Professional\FundooNotes\node_modules\express\lib\router\layer.js:95:5)
    at trim_prefix (C:\My Data\Professional\FundooNotes\node_modules\express\lib\router\index.js:328:13)
    at C:\My Data\Professional\FundooNotes\node_modules\express\lib\router\index.js:286:9
    at Function.process_params (C:\My Data\Professional\FundooNotes\node_modules\express\lib\router\index.js:346:12)
    at next (C:\My Data\Professional\FundooNotes\node_modules\express\lib\router\index.js:280:10)
    at Function.handle (C:\My Data\Professional\FundooNotes\node_modules\express\lib\router\index.js:175:3)
    at router (C:\My Data\Professional\FundooNotes\node_modules\express\lib\router\index.js:47:12)
    at Layer.handle [as handle_request] (C:\My Data\Professional\FundooNotes\node_modules\express\lib\router\layer.js:95:5)
    at trim_prefix (C:\My Data\Professional\FundooNotes\node_modules\express\lib\router\index.js:328:13)
    at C:\My Data\Professional\FundooNotes\node_modules\express\lib\router\index.js:286:9
    at Function.process_params (C:\My Data\Professional\FundooNotes\node_modules\express\lib\router\index.js:346:12)
    at next (C:\My Data\Professional\FundooNotes\node_modules\express\lib\router\index.js:280:10)
    at logger (C:\My Data\Professional\FundooNotes\node_modules\morgan\index.js:144:5)
    at Layer.handle [as handle_request] (C:\My Data\Professional\FundooNotes\node_modules\express\lib\router\layer.js:95:5)
    at trim_prefix (C:\My Data\Professional\FundooNotes\node_modules\express\lib\router\index.js:328:13)
    at C:\My Data\Professional\FundooNotes\node_modules\express\lib\router\index.js:286:9
    at Function.process_params (C:\My Data\Professional\FundooNotes\node_modules\express\lib\router\index.js:346:12)
    at next (C:\My Data\Professional\FundooNotes\node_modules\express\lib\router\index.js:280:10)
    at C:\My Data\Professional\FundooNotes\node_modules\body-parser\lib\read.js:137:5
    at AsyncResource.runInAsyncScope (node:async_hooks:211:14)
    at invokeCallback (C:\My Data\Professional\FundooNotes\node_modules\raw-body\index.js:238:16)
    at done (C:\My Data\Professional\FundooNotes\node_modules\raw-body\index.js:227:7)
    at IncomingMessage.onEnd (C:\My Data\Professional\FundooNotes\node_modules\raw-body\index.js:287:7)
    at IncomingMessage.emit (node:events:513:28)
    at IncomingMessage.emit (node:domain:489:12)
    at endReadableNT (node:internal/streams/readable:1696:12)
    at processTicksAndRejections (node:internal/process/task_queues:90:21) 
    url - /api/v1/users/ 
    method - POST 
    IP - ::1
   {"timestamp":"2025-02-10T09:53:26.033Z"}
info: Server started at http://localhost:3000/api/v1/ {"timestamp":"2025-02-10T09:54:01.522Z"}
info: Connected to the database. {"timestamp":"2025-02-10T09:54:02.229Z"}
info: Server started at http://localhost:3000/api/v1/ {"timestamp":"2025-02-10T09:54:07.719Z"}
info: Connected to the database. {"timestamp":"2025-02-10T09:54:08.420Z"}
info: Server started at http://localhost:3000/api/v1/ {"timestamp":"2025-02-10T09:54:25.515Z"}
info: Connected to the database. {"timestamp":"2025-02-10T09:54:26.939Z"}
info: Server started at http://localhost:3000/api/v1/ {"timestamp":"2025-02-10T09:54:39.610Z"}
info: Connected to the database. {"timestamp":"2025-02-10T09:54:41.129Z"}
info: Server started at http://localhost:3000/api/v1/ {"timestamp":"2025-02-10T09:55:21.901Z"}
info: Connected to the database. {"timestamp":"2025-02-10T09:55:22.562Z"}
info: Server started at http://localhost:3000/api/v1/ {"timestamp":"2025-02-10T09:56:10.878Z"}
info: Connected to the database. {"timestamp":"2025-02-10T09:56:13.276Z"}
error: 
    status - 500 
    message - ValidationError: Password must be at least 6 characters long, and include at least one uppercase letter, one lowercase letter, one number, and one special character. 
    url - /api/v1/users/ 
    method - POST 
    IP - ::1
   {"timestamp":"2025-02-10T09:56:15.890Z"}
error: 
    status - 500 
    message - ValidationError: Password must be at least 6 characters long, and include at least one uppercase letter, one lowercase letter, one number, and one special character. 
    url - /api/v1/users/ 
    method - POST 
    IP - ::1
   {"timestamp":"2025-02-10T09:56:25.565Z"}
info: Server started at http://localhost:3000/api/v1/ {"timestamp":"2025-02-10T09:57:55.922Z"}
info: Server started at http://localhost:3000/api/v1/ {"timestamp":"2025-02-10T09:58:00.843Z"}
info: Connected to the database. {"timestamp":"2025-02-10T09:58:01.706Z"}
