info: Server started at http://localhost:3000/api/v1/ {"timestamp":"2025-02-11T05:12:57.916Z"}
info: Connected to the database. {"timestamp":"2025-02-11T05:13:00.941Z"}
info: Server started at http://localhost:3000/api/v1/ {"timestamp":"2025-02-11T05:14:31.826Z"}
info: Server started at http://localhost:3000/api/v1/ {"timestamp":"2025-02-11T05:14:51.521Z"}
info: Server started at http://localhost:3000/api/v1/ {"timestamp":"2025-02-11T05:14:58.132Z"}
info: Server started at http://localhost:3000/api/v1/ {"timestamp":"2025-02-11T05:15:22.778Z"}
info: Server started at http://localhost:3000/api/v1/ {"timestamp":"2025-02-11T05:15:35.997Z"}
info: Connected to the database. {"timestamp":"2025-02-11T05:15:37.811Z"}
info: Server started at http://localhost:3000/api/v1/ {"timestamp":"2025-02-11T05:15:56.438Z"}
info: Connected to the database. {"timestamp":"2025-02-11T05:15:57.371Z"}
info: Server started at http://localhost:3000/api/v1/ {"timestamp":"2025-02-11T05:16:31.589Z"}
info: Connected to the database. {"timestamp":"2025-02-11T05:16:35.854Z"}
info: Server started at http://localhost:3000/api/v1/ {"timestamp":"2025-02-11T05:16:42.143Z"}
info: Server started at http://localhost:3000/api/v1/ {"timestamp":"2025-02-11T05:17:05.850Z"}
info: Server started at http://localhost:3000/api/v1/ {"timestamp":"2025-02-11T05:17:11.124Z"}
info: Connected to the database. {"timestamp":"2025-02-11T05:17:12.234Z"}
info: Server started at http://localhost:3000/api/v1/ {"timestamp":"2025-02-11T05:17:48.713Z"}
info: Server started at http://localhost:3000/api/v1/ {"timestamp":"2025-02-11T05:18:07.383Z"}
info: Connected to the database. {"timestamp":"2025-02-11T05:18:09.615Z"}
info: Server started at http://localhost:3000/api/v1/ {"timestamp":"2025-02-11T05:18:21.735Z"}
info: Connected to the database. {"timestamp":"2025-02-11T05:18:22.830Z"}
info: Server started at http://localhost:3000/api/v1/ {"timestamp":"2025-02-11T05:18:32.074Z"}
info: Connected to the database. {"timestamp":"2025-02-11T05:18:33.165Z"}
info: Server started at http://localhost:3000/api/v1/ {"timestamp":"2025-02-11T05:19:29.935Z"}
info: Connected to the database. {"timestamp":"2025-02-11T05:19:38.305Z"}
info: Server started at http://localhost:3000/api/v1/ {"timestamp":"2025-02-11T05:21:21.385Z"}
info: Connected to the database. {"timestamp":"2025-02-11T05:21:24.143Z"}
info: Server started at http://localhost:3000/api/v1/ {"timestamp":"2025-02-11T05:22:16.860Z"}
info: Server started at http://localhost:3000/api/v1/ {"timestamp":"2025-02-11T05:22:23.141Z"}
error: Could not connect to the database. querySrv ENOTFOUND _mongodb._tcp.cluster0.rxit5.mongodb.net {"code":"ENOTFOUND","hostname":"_mongodb._tcp.cluster0.rxit5.mongodb.net","stack":"Error: querySrv ENOTFOUND _mongodb._tcp.cluster0.rxit5.mongodb.net\n    at QueryReqWrap.onresolve [as oncomplete] (node:internal/dns/callback_resolver:45:19)","syscall":"querySrv","timestamp":"2025-02-11T05:22:27.925Z"}
info: Server started at http://localhost:3000/api/v1/ {"timestamp":"2025-02-11T05:23:44.115Z"}
info: Connected to the database. {"timestamp":"2025-02-11T05:23:47.494Z"}
error: 
    status - 500 
    message - ValidationError: "phoneNumber" is not allowed 
    url - /api/v1/users/ 
    method - POST 
    IP - ::1
   {"timestamp":"2025-02-11T05:24:27.580Z"}
info: Server started at http://localhost:3000/api/v1/ {"timestamp":"2025-02-11T05:26:23.996Z"}
error: 
    status - 500 
    message - ValidationError: "phoneNumber" must be larger than or equal to 6000000000 
    url - /api/v1/users/ 
    method - POST 
    IP - ::1
   {"timestamp":"2025-02-11T05:26:28.280Z"}
info: Connected to the database. {"timestamp":"2025-02-11T05:26:32.517Z"}
info: Server started at http://localhost:3000/api/v1/ {"timestamp":"2025-02-11T05:26:51.303Z"}
info: Connected to the database. {"timestamp":"2025-02-11T05:26:51.865Z"}
info: Server started at http://localhost:3000/api/v1/ {"timestamp":"2025-02-11T05:27:42.525Z"}
info: Connected to the database. {"timestamp":"2025-02-11T05:27:43.757Z"}
info: Server started at http://localhost:3000/api/v1/ {"timestamp":"2025-02-11T05:29:17.419Z"}
info: Server started at http://localhost:3000/api/v1/ {"timestamp":"2025-02-11T05:29:29.505Z"}
info: Connected to the database. {"timestamp":"2025-02-11T05:29:30.487Z"}
info: Server started at http://localhost:3000/api/v1/ {"timestamp":"2025-02-11T05:30:45.692Z"}
info: Server started at http://localhost:3000/api/v1/ {"timestamp":"2025-02-11T05:30:57.761Z"}
info: Connected to the database. {"timestamp":"2025-02-11T05:30:58.819Z"}
