info: Server started at http://localhost:3000/api/v1/ {"timestamp":"2025-02-10T04:33:12.353Z"}
info: Connected to the database. {"timestamp":"2025-02-10T04:33:14.064Z"}
info: Server started at http://localhost:3000/api/v1/ {"timestamp":"2025-02-10T04:33:30.807Z"}
info: Server started at http://localhost:3000/api/v1/ {"timestamp":"2025-02-10T04:33:36.960Z"}
info: Connected to the database. {"timestamp":"2025-02-10T04:33:38.165Z"}
info: Server started at http://localhost:3000/api/v1/ {"timestamp":"2025-02-10T04:33:58.423Z"}
info: Connected to the database. {"timestamp":"2025-02-10T04:33:59.135Z"}
info: Server started at http://localhost:3000/api/v1/ {"timestamp":"2025-02-10T04:58:17.134Z"}
info: Connected to the database. {"timestamp":"2025-02-10T04:58:26.052Z"}
info: Server started at http://localhost:3000/api/v1/ {"timestamp":"2025-02-10T05:52:58.923Z"}
info: Connected to the database. {"timestamp":"2025-02-10T05:53:05.014Z"}
info: Server started at http://localhost:3000/api/v1/ {"timestamp":"2025-02-10T08:11:40.908Z"}
info: Connected to the database. {"timestamp":"2025-02-10T08:11:43.311Z"}
info: Server started at http://localhost:3000/api/v1/ {"timestamp":"2025-02-10T08:11:54.285Z"}
info: Connected to the database. {"timestamp":"2025-02-10T08:11:55.456Z"}
info: Server started at http://localhost:3000/api/v1/ {"timestamp":"2025-02-10T08:12:13.204Z"}
info: Server started at http://localhost:3000/api/v1/ {"timestamp":"2025-02-10T08:12:30.985Z"}
info: Server started at http://localhost:3000/api/v1/ {"timestamp":"2025-02-10T08:12:45.442Z"}
info: Connected to the database. {"timestamp":"2025-02-10T08:12:48.344Z"}
info: Server started at http://localhost:3000/api/v1/ {"timestamp":"2025-02-10T08:13:00.474Z"}
info: Connected to the database. {"timestamp":"2025-02-10T08:13:01.710Z"}
info: Server started at http://localhost:3000/api/v1/ {"timestamp":"2025-02-10T08:13:16.142Z"}
info: Connected to the database. {"timestamp":"2025-02-10T08:13:17.314Z"}
info: Server started at http://localhost:3000/api/v1/ {"timestamp":"2025-02-10T08:22:12.654Z"}
info: Connected to the database. {"timestamp":"2025-02-10T08:22:15.411Z"}
info: Server started at http://localhost:3000/api/v1/ {"timestamp":"2025-02-10T08:22:40.844Z"}
info: Connected to the database. {"timestamp":"2025-02-10T08:22:42.161Z"}
info: Server started at http://localhost:3000/api/v1/ {"timestamp":"2025-02-10T08:22:51.602Z"}
info: Connected to the database. {"timestamp":"2025-02-10T08:22:52.716Z"}
info: Server started at http://localhost:3000/api/v1/ {"timestamp":"2025-02-10T08:22:58.251Z"}
info: Server started at http://localhost:3000/api/v1/ {"timestamp":"2025-02-10T08:23:05.485Z"}
info: Connected to the database. {"timestamp":"2025-02-10T08:23:06.723Z"}
info: Server started at http://localhost:3000/api/v1/ {"timestamp":"2025-02-10T08:23:27.438Z"}
info: Connected to the database. {"timestamp":"2025-02-10T08:23:30.365Z"}
info: Server started at http://localhost:3000/api/v1/ {"timestamp":"2025-02-10T08:28:21.922Z"}
info: Connected to the database. {"timestamp":"2025-02-10T08:28:24.081Z"}
info: Server started at http://localhost:3000/api/v1/ {"timestamp":"2025-02-10T08:28:36.542Z"}
info: Connected to the database. {"timestamp":"2025-02-10T08:28:39.165Z"}
info: Server started at http://localhost:3000/api/v1/ {"timestamp":"2025-02-10T08:28:59.704Z"}
info: Connected to the database. {"timestamp":"2025-02-10T08:29:02.487Z"}
info: Server started at http://localhost:3000/api/v1/ {"timestamp":"2025-02-10T08:37:02.297Z"}
info: Connected to the database. {"timestamp":"2025-02-10T08:37:04.492Z"}
info: Server started at http://localhost:3000/api/v1/ {"timestamp":"2025-02-10T08:37:14.397Z"}
info: Connected to the database. {"timestamp":"2025-02-10T08:37:16.795Z"}
info: Server started at http://localhost:3000/api/v1/ {"timestamp":"2025-02-10T08:37:35.375Z"}
info: Connected to the database. {"timestamp":"2025-02-10T08:37:36.237Z"}
info: Server started at http://localhost:3000/api/v1/ {"timestamp":"2025-02-10T08:39:28.708Z"}
info: Connected to the database. {"timestamp":"2025-02-10T08:39:35.541Z"}
info: Server started at http://localhost:3000/api/v1/ {"timestamp":"2025-02-10T08:39:48.483Z"}
info: Connected to the database. {"timestamp":"2025-02-10T08:39:49.870Z"}
info: Server started at http://localhost:3000/api/v1/ {"timestamp":"2025-02-10T08:40:12.716Z"}
info: Server started at http://localhost:3000/api/v1/ {"timestamp":"2025-02-10T08:40:35.312Z"}
info: Server started at http://localhost:3000/api/v1/ {"timestamp":"2025-02-10T08:40:41.844Z"}
info: Connected to the database. {"timestamp":"2025-02-10T08:40:43.299Z"}
info: Server started at http://localhost:3000/api/v1/ {"timestamp":"2025-02-10T08:41:03.497Z"}
info: Connected to the database. {"timestamp":"2025-02-10T08:41:05.339Z"}
info: Server started at http://localhost:3000/api/v1/ {"timestamp":"2025-02-10T08:44:56.450Z"}
info: Connected to the database. {"timestamp":"2025-02-10T08:45:01.833Z"}
info: Server started at http://localhost:3000/api/v1/ {"timestamp":"2025-02-10T08:45:17.514Z"}
info: Connected to the database. {"timestamp":"2025-02-10T08:45:18.781Z"}
info: Server started at http://localhost:3000/api/v1/ {"timestamp":"2025-02-10T08:48:11.512Z"}
info: Server started at http://localhost:3000/api/v1/ {"timestamp":"2025-02-10T08:48:21.811Z"}
info: Connected to the database. {"timestamp":"2025-02-10T08:48:23.174Z"}
info: Server started at http://localhost:3000/api/v1/ {"timestamp":"2025-02-10T08:50:58.965Z"}
info: Server started at http://localhost:3000/api/v1/ {"timestamp":"2025-02-10T08:51:15.815Z"}
info: Connected to the database. {"timestamp":"2025-02-10T08:51:18.207Z"}
info: Server started at http://localhost:3000/api/v1/ {"timestamp":"2025-02-10T08:51:27.642Z"}
info: Connected to the database. {"timestamp":"2025-02-10T08:51:29.985Z"}
info: Server started at http://localhost:3000/api/v1/ {"timestamp":"2025-02-10T08:51:36.883Z"}
info: Connected to the database. {"timestamp":"2025-02-10T08:51:38.075Z"}
info: Server started at http://localhost:3000/api/v1/ {"timestamp":"2025-02-10T08:51:43.661Z"}
info: Connected to the database. {"timestamp":"2025-02-10T08:51:44.734Z"}
info: Server started at http://localhost:3000/api/v1/ {"timestamp":"2025-02-10T08:52:07.123Z"}
error: Could not connect to the database. querySrv ENOTFOUND _mongodb._tcp.cluster0.rxit5.mongodb.net {"code":"ENOTFOUND","hostname":"_mongodb._tcp.cluster0.rxit5.mongodb.net","stack":"Error: querySrv ENOTFOUND _mongodb._tcp.cluster0.rxit5.mongodb.net\n    at QueryReqWrap.onresolve [as oncomplete] (node:internal/dns/callback_resolver:45:19)","syscall":"querySrv","timestamp":"2025-02-10T08:52:07.564Z"}
info: Server started at http://localhost:3000/api/v1/ {"timestamp":"2025-02-10T08:52:28.254Z"}
info: Connected to the database. {"timestamp":"2025-02-10T08:52:30.813Z"}
info: Server started at http://localhost:3000/api/v1/ {"timestamp":"2025-02-10T08:52:55.824Z"}
info: Server started at http://localhost:3000/api/v1/ {"timestamp":"2025-02-10T08:53:25.942Z"}
info: Connected to the database. {"timestamp":"2025-02-10T08:53:28.458Z"}
error: 
    status - 500 
    message - ValidationError: "password" with value "normalpassword" fails to match the required pattern: /^(?=.*[a-z])(?=.*[A-Z])(?=.*\d)(?=.*[@$!%*?&#^()_+=-])[A-Za-z\d@$!%*?&#^()_+=-]{6,}$/ 
    url - /api/v1/users/ 
    method - POST 
    IP - ::1
   {"timestamp":"2025-02-10T08:54:32.672Z"}
error: 
    status - 500 
    message - ValidationError: "email" with value "sparsh@hotmail.com" fails to match the required pattern: /^[a-zA-Z0-9._%+-]+@gmail\.com$/ 
    url - /api/v1/users/ 
    method - POST 
    IP - ::1
   {"timestamp":"2025-02-10T08:56:18.371Z"}
info: Server started at http://localhost:3000/api/v1/ {"timestamp":"2025-02-10T09:00:34.261Z"}
info: Connected to the database. {"timestamp":"2025-02-10T09:00:36.814Z"}
info: Server started at http://localhost:3000/api/v1/ {"timestamp":"2025-02-10T09:01:18.800Z"}
info: Connected to the database. {"timestamp":"2025-02-10T09:01:20.338Z"}
error: 
    status - 500 
    message - ValidationError: "password" with value "Pass@" fails to match the required pattern: /^(?=.*[a-z])(?=.*[A-Z])(?=.*\d)(?=.*[@$!%*?&#^()_+=-])[A-Za-z\d@$!%*?&#^()_+=-]{6,}$/ 
    url - /api/v1/users/ 
    method - POST 
    IP - ::1
   {"timestamp":"2025-02-10T09:14:50.629Z"}
info: Server started at http://localhost:3000/api/v1/ {"timestamp":"2025-02-10T09:19:11.156Z"}
info: Server started at http://localhost:3000/api/v1/ {"timestamp":"2025-02-10T09:19:16.953Z"}
info: Connected to the database. {"timestamp":"2025-02-10T09:19:21.663Z"}
info: Server started at http://localhost:3000/api/v1/ {"timestamp":"2025-02-10T09:20:00.213Z"}
info: Server started at http://localhost:3000/api/v1/ {"timestamp":"2025-02-10T09:20:16.589Z"}
info: Connected to the database. {"timestamp":"2025-02-10T09:20:20.598Z"}
info: Server started at http://localhost:3000/api/v1/ {"timestamp":"2025-02-10T09:21:00.090Z"}
info: Server started at http://localhost:3000/api/v1/ {"timestamp":"2025-02-10T09:21:28.510Z"}
info: Connected to the database. {"timestamp":"2025-02-10T09:21:31.661Z"}
info: Server started at http://localhost:3000/api/v1/ {"timestamp":"2025-02-10T09:21:49.210Z"}
info: Server started at http://localhost:3000/api/v1/ {"timestamp":"2025-02-10T09:21:57.469Z"}
info: Connected to the database. {"timestamp":"2025-02-10T09:22:00.310Z"}
info: Server started at http://localhost:3000/api/v1/ {"timestamp":"2025-02-10T09:22:12.358Z"}
info: Connected to the database. {"timestamp":"2025-02-10T09:22:13.636Z"}
info: Server started at http://localhost:3000/api/v1/ {"timestamp":"2025-02-10T09:22:40.753Z"}
info: Server started at http://localhost:3000/api/v1/ {"timestamp":"2025-02-10T09:23:05.264Z"}
info: Connected to the database. {"timestamp":"2025-02-10T09:23:09.329Z"}
info: Server started at http://localhost:3000/api/v1/ {"timestamp":"2025-02-10T09:33:46.563Z"}
info: Connected to the database. {"timestamp":"2025-02-10T09:33:54.303Z"}
error: 
    status - 500 
    message - Error: Cannot apply rules to empty ruleset or the last rule added does not support rule properties
    at new module.exports (C:\My Data\Professional\FundooNotes\node_modules\@hapi\hoek\lib\error.js:23:19)
    at module.exports (C:\My Data\Professional\FundooNotes\node_modules\@hapi\hoek\lib\assert.js:21:11)
    at internals.Base.rule (C:\My Data\Professional\FundooNotes\node_modules\@hapi\joi\lib\base.js:465:9)
    at internals.Base.message (C:\My Data\Professional\FundooNotes\node_modules\@hapi\joi\lib\extend.js:145:29)
    at newUserValidator (C:\My Data\Professional\FundooNotes\src\validators\/user.validator.js:22:8)
    at Layer.handle [as handle_request] (C:\My Data\Professional\FundooNotes\node_modules\express\lib\router\layer.js:95:5)
    at next (C:\My Data\Professional\FundooNotes\node_modules\express\lib\router\route.js:149:13)
    at Route.dispatch (C:\My Data\Professional\FundooNotes\node_modules\express\lib\router\route.js:119:3)
    at Layer.handle [as handle_request] (C:\My Data\Professional\FundooNotes\node_modules\express\lib\router\layer.js:95:5)
    at C:\My Data\Professional\FundooNotes\node_modules\express\lib\router\index.js:284:15
    at Function.process_params (C:\My Data\Professional\FundooNotes\node_modules\express\lib\router\index.js:346:12)
    at next (C:\My Data\Professional\FundooNotes\node_modules\express\lib\router\index.js:280:10)
    at Function.handle (C:\My Data\Professional\FundooNotes\node_modules\express\lib\router\index.js:175:3)
    at router (C:\My Data\Professional\FundooNotes\node_modules\express\lib\router\index.js:47:12)
    at Layer.handle [as handle_request] (C:\My Data\Professional\FundooNotes\node_modules\express\lib\router\layer.js:95:5)
    at trim_prefix (C:\My Data\Professional\FundooNotes\node_modules\express\lib\router\index.js:328:13)
    at C:\My Data\Professional\FundooNotes\node_modules\express\lib\router\index.js:286:9
    at Function.process_params (C:\My Data\Professional\FundooNotes\node_modules\express\lib\router\index.js:346:12)
    at next (C:\My Data\Professional\FundooNotes\node_modules\express\lib\router\index.js:280:10)
    at Function.handle (C:\My Data\Professional\FundooNotes\node_modules\express\lib\router\index.js:175:3)
    at router (C:\My Data\Professional\FundooNotes\node_modules\express\lib\router\index.js:47:12)
    at Layer.handle [as handle_request] (C:\My Data\Professional\FundooNotes\node_modules\express\lib\router\layer.js:95:5)
    at trim_prefix (C:\My Data\Professional\FundooNotes\node_modules\express\lib\router\index.js:328:13)
    at C:\My Data\Professional\FundooNotes\node_modules\express\lib\router\index.js:286:9
    at Function.process_params (C:\My Data\Professional\FundooNotes\node_modules\express\lib\router\index.js:346:12)
    at next (C:\My Data\Professional\FundooNotes\node_modules\express\lib\router\index.js:280:10)
    at logger (C:\My Data\Professional\FundooNotes\node_modules\morgan\index.js:144:5)
    at Layer.handle [as handle_request] (C:\My Data\Professional\FundooNotes\node_modules\express\lib\router\layer.js:95:5)
    at trim_prefix (C:\My Data\Professional\FundooNotes\node_modules\express\lib\router\index.js:328:13)
    at C:\My Data\Professional\FundooNotes\node_modules\express\lib\router\index.js:286:9
    at Function.process_params (C:\My Data\Professional\FundooNotes\node_modules\express\lib\router\index.js:346:12)
    at next (C:\My Data\Professional\FundooNotes\node_modules\express\lib\router\index.js:280:10)
    at C:\My Data\Professional\FundooNotes\node_modules\body-parser\lib\read.js:137:5
    at AsyncResource.runInAsyncScope (node:async_hooks:211:14)
    at invokeCallback (C:\My Data\Professional\FundooNotes\node_modules\raw-body\index.js:238:16)
    at done (C:\My Data\Professional\FundooNotes\node_modules\raw-body\index.js:227:7)
    at IncomingMessage.onEnd (C:\My Data\Professional\FundooNotes\node_modules\raw-body\index.js:287:7)
    at IncomingMessage.emit (node:events:513:28)
    at IncomingMessage.emit (node:domain:489:12)
    at endReadableNT (node:internal/streams/readable:1696:12)
    at processTicksAndRejections (node:internal/process/task_queues:90:21) 
    url - /api/v1/users/ 
    method - POST 
    IP - ::1
   {"timestamp":"2025-02-10T09:34:23.803Z"}
error: 
    status - 500 
    message - Error: Cannot apply rules to empty ruleset or the last rule added does not support rule properties
    at new module.exports (C:\My Data\Professional\FundooNotes\node_modules\@hapi\hoek\lib\error.js:23:19)
    at module.exports (C:\My Data\Professional\FundooNotes\node_modules\@hapi\hoek\lib\assert.js:21:11)
    at internals.Base.rule (C:\My Data\Professional\FundooNotes\node_modules\@hapi\joi\lib\base.js:465:9)
    at internals.Base.message (C:\My Data\Professional\FundooNotes\node_modules\@hapi\joi\lib\extend.js:145:29)
    at newUserValidator (C:\My Data\Professional\FundooNotes\src\validators\/user.validator.js:22:8)
    at Layer.handle [as handle_request] (C:\My Data\Professional\FundooNotes\node_modules\express\lib\router\layer.js:95:5)
    at next (C:\My Data\Professional\FundooNotes\node_modules\express\lib\router\route.js:149:13)
    at Route.dispatch (C:\My Data\Professional\FundooNotes\node_modules\express\lib\router\route.js:119:3)
    at Layer.handle [as handle_request] (C:\My Data\Professional\FundooNotes\node_modules\express\lib\router\layer.js:95:5)
    at C:\My Data\Professional\FundooNotes\node_modules\express\lib\router\index.js:284:15
    at Function.process_params (C:\My Data\Professional\FundooNotes\node_modules\express\lib\router\index.js:346:12)
    at next (C:\My Data\Professional\FundooNotes\node_modules\express\lib\router\index.js:280:10)
    at Function.handle (C:\My Data\Professional\FundooNotes\node_modules\express\lib\router\index.js:175:3)
    at router (C:\My Data\Professional\FundooNotes\node_modules\express\lib\router\index.js:47:12)
    at Layer.handle [as handle_request] (C:\My Data\Professional\FundooNotes\node_modules\express\lib\router\layer.js:95:5)
    at trim_prefix (C:\My Data\Professional\FundooNotes\node_modules\express\lib\router\index.js:328:13)
    at C:\My Data\Professional\FundooNotes\node_modules\express\lib\router\index.js:286:9
    at Function.process_params (C:\My Data\Professional\FundooNotes\node_modules\express\lib\router\index.js:346:12)
    at next (C:\My Data\Professional\FundooNotes\node_modules\express\lib\router\index.js:280:10)
    at Function.handle (C:\My Data\Professional\FundooNotes\node_modules\express\lib\router\index.js:175:3)
    at router (C:\My Data\Professional\FundooNotes\node_modules\express\lib\router\index.js:47:12)
    at Layer.handle [as handle_request] (C:\My Data\Professional\FundooNotes\node_modules\express\lib\router\layer.js:95:5)
    at trim_prefix (C:\My Data\Professional\FundooNotes\node_modules\express\lib\router\index.js:328:13)
    at C:\My Data\Professional\FundooNotes\node_modules\express\lib\router\index.js:286:9
    at Function.process_params (C:\My Data\Professional\FundooNotes\node_modules\express\lib\router\index.js:346:12)
    at next (C:\My Data\Professional\FundooNotes\node_modules\express\lib\router\index.js:280:10)
    at logger (C:\My Data\Professional\FundooNotes\node_modules\morgan\index.js:144:5)
    at Layer.handle [as handle_request] (C:\My Data\Professional\FundooNotes\node_modules\express\lib\router\layer.js:95:5)
    at trim_prefix (C:\My Data\Professional\FundooNotes\node_modules\express\lib\router\index.js:328:13)
    at C:\My Data\Professional\FundooNotes\node_modules\express\lib\router\index.js:286:9
    at Function.process_params (C:\My Data\Professional\FundooNotes\node_modules\express\lib\router\index.js:346:12)
    at next (C:\My Data\Professional\FundooNotes\node_modules\express\lib\router\index.js:280:10)
    at C:\My Data\Professional\FundooNotes\node_modules\body-parser\lib\read.js:137:5
    at AsyncResource.runInAsyncScope (node:async_hooks:211:14)
    at invokeCallback (C:\My Data\Professional\FundooNotes\node_modules\raw-body\index.js:238:16)
    at done (C:\My Data\Professional\FundooNotes\node_modules\raw-body\index.js:227:7)
    at IncomingMessage.onEnd (C:\My Data\Professional\FundooNotes\node_modules\raw-body\index.js:287:7)
    at IncomingMessage.emit (node:events:513:28)
    at IncomingMessage.emit (node:domain:489:12)
    at endReadableNT (node:internal/streams/readable:1696:12)
    at processTicksAndRejections (node:internal/process/task_queues:90:21) 
    url - /api/v1/users/ 
    method - POST 
    IP - ::1
   {"timestamp":"2025-02-10T09:34:43.259Z"}
info: Server started at http://localhost:3000/api/v1/ {"timestamp":"2025-02-10T09:35:27.518Z"}
info: Connected to the database. {"timestamp":"2025-02-10T09:35:30.003Z"}
error: 
    status - 500 
    message - Error: Cannot apply rules to empty ruleset or the last rule added does not support rule properties
    at new module.exports (C:\My Data\Professional\FundooNotes\node_modules\@hapi\hoek\lib\error.js:23:19)
    at module.exports (C:\My Data\Professional\FundooNotes\node_modules\@hapi\hoek\lib\assert.js:21:11)
    at internals.Base.rule (C:\My Data\Professional\FundooNotes\node_modules\@hapi\joi\lib\base.js:465:9)
    at internals.Base.message (C:\My Data\Professional\FundooNotes\node_modules\@hapi\joi\lib\extend.js:145:29)
    at newUserValidator (C:\My Data\Professional\FundooNotes\src\validators\/user.validator.js:22:8)
    at Layer.handle [as handle_request] (C:\My Data\Professional\FundooNotes\node_modules\express\lib\router\layer.js:95:5)
    at next (C:\My Data\Professional\FundooNotes\node_modules\express\lib\router\route.js:149:13)
    at Route.dispatch (C:\My Data\Professional\FundooNotes\node_modules\express\lib\router\route.js:119:3)
    at Layer.handle [as handle_request] (C:\My Data\Professional\FundooNotes\node_modules\express\lib\router\layer.js:95:5)
    at C:\My Data\Professional\FundooNotes\node_modules\express\lib\router\index.js:284:15
    at Function.process_params (C:\My Data\Professional\FundooNotes\node_modules\express\lib\router\index.js:346:12)
    at next (C:\My Data\Professional\FundooNotes\node_modules\express\lib\router\index.js:280:10)
    at Function.handle (C:\My Data\Professional\FundooNotes\node_modules\express\lib\router\index.js:175:3)
    at router (C:\My Data\Professional\FundooNotes\node_modules\express\lib\router\index.js:47:12)
    at Layer.handle [as handle_request] (C:\My Data\Professional\FundooNotes\node_modules\express\lib\router\layer.js:95:5)
    at trim_prefix (C:\My Data\Professional\FundooNotes\node_modules\express\lib\router\index.js:328:13)
    at C:\My Data\Professional\FundooNotes\node_modules\express\lib\router\index.js:286:9
    at Function.process_params (C:\My Data\Professional\FundooNotes\node_modules\express\lib\router\index.js:346:12)
    at next (C:\My Data\Professional\FundooNotes\node_modules\express\lib\router\index.js:280:10)
    at Function.handle (C:\My Data\Professional\FundooNotes\node_modules\express\lib\router\index.js:175:3)
    at router (C:\My Data\Professional\FundooNotes\node_modules\express\lib\router\index.js:47:12)
    at Layer.handle [as handle_request] (C:\My Data\Professional\FundooNotes\node_modules\express\lib\router\layer.js:95:5)
    at trim_prefix (C:\My Data\Professional\FundooNotes\node_modules\express\lib\router\index.js:328:13)
    at C:\My Data\Professional\FundooNotes\node_modules\express\lib\router\index.js:286:9
    at Function.process_params (C:\My Data\Professional\FundooNotes\node_modules\express\lib\router\index.js:346:12)
    at next (C:\My Data\Professional\FundooNotes\node_modules\express\lib\router\index.js:280:10)
    at logger (C:\My Data\Professional\FundooNotes\node_modules\morgan\index.js:144:5)
    at Layer.handle [as handle_request] (C:\My Data\Professional\FundooNotes\node_modules\express\lib\router\layer.js:95:5)
    at trim_prefix (C:\My Data\Professional\FundooNotes\node_modules\express\lib\router\index.js:328:13)
    at C:\My Data\Professional\FundooNotes\node_modules\express\lib\router\index.js:286:9
    at Function.process_params (C:\My Data\Professional\FundooNotes\node_modules\express\lib\router\index.js:346:12)
    at next (C:\My Data\Professional\FundooNotes\node_modules\express\lib\router\index.js:280:10)
    at C:\My Data\Professional\FundooNotes\node_modules\body-parser\lib\read.js:137:5
    at AsyncResource.runInAsyncScope (node:async_hooks:211:14)
    at invokeCallback (C:\My Data\Professional\FundooNotes\node_modules\raw-body\index.js:238:16)
    at done (C:\My Data\Professional\FundooNotes\node_modules\raw-body\index.js:227:7)
    at IncomingMessage.onEnd (C:\My Data\Professional\FundooNotes\node_modules\raw-body\index.js:287:7)
    at IncomingMessage.emit (node:events:513:28)
    at IncomingMessage.emit (node:domain:489:12)
    at endReadableNT (node:internal/streams/readable:1696:12)
    at processTicksAndRejections (node:internal/process/task_queues:90:21) 
    url - /api/v1/users/ 
    method - POST 
    IP - ::1
   {"timestamp":"2025-02-10T09:36:06.708Z"}
info: Server started at http://localhost:3000/api/v1/ {"timestamp":"2025-02-10T09:46:49.496Z"}
info: Connected to the database. {"timestamp":"2025-02-10T09:46:53.516Z"}
error: 
    status - 500 
    message - ValidationError: Password must be at least 6 characters long, and include at least one uppercase letter, one lowercase letter, one number, and one special character. 
    url - /api/v1/users/ 
    method - POST 
    IP - ::1
   {"timestamp":"2025-02-10T09:46:57.876Z"}
error: 
    status - 500 
    message - ValidationError: Password must be at least 6 characters long, and include at least one uppercase letter, one lowercase letter, one number, and one special character. 
    url - /api/v1/users/ 
    method - POST 
    IP - ::1
   {"timestamp":"2025-02-10T09:47:06.873Z"}
error: 
    status - 500 
    message - ValidationError: Password must be at least 6 characters long, and include at least one uppercase letter, one lowercase letter, one number, and one special character. 
    url - /api/v1/users/ 
    method - POST 
    IP - ::1
   {"timestamp":"2025-02-10T09:47:30.341Z"}
info: Server started at http://localhost:3000/api/v1/ {"timestamp":"2025-02-10T09:48:25.828Z"}
info: Server started at http://localhost:3000/api/v1/ {"timestamp":"2025-02-10T09:48:32.336Z"}
info: Connected to the database. {"timestamp":"2025-02-10T09:48:33.783Z"}
error: 
    status - 500 
    message - ValidationError: Password must be at least 6 characters long, and include at least one uppercase letter, one lowercase letter, one number, and one special character. 
    url - /api/v1/users/ 
    method - POST 
    IP - ::1
   {"timestamp":"2025-02-10T09:48:41.905Z"}
info: Server started at http://localhost:3000/api/v1/ {"timestamp":"2025-02-10T09:49:59.109Z"}
info: Connected to the database. {"timestamp":"2025-02-10T09:50:02.031Z"}
error: 
    status - 500 
    message - Error: Cannot apply rules to empty ruleset or the last rule added does not support rule properties
    at new module.exports (C:\My Data\Professional\FundooNotes\node_modules\@hapi\hoek\lib\error.js:23:19)
    at module.exports (C:\My Data\Professional\FundooNotes\node_modules\@hapi\hoek\lib\assert.js:21:11)
    at internals.Base.rule (C:\My Data\Professional\FundooNotes\node_modules\@hapi\joi\lib\base.js:465:9)
    at internals.Base.message (C:\My Data\Professional\FundooNotes\node_modules\@hapi\joi\lib\extend.js:145:29)
    at newUserValidator (C:\My Data\Professional\FundooNotes\src\validators\/user.validator.js:23:8)
    at Layer.handle [as handle_request] (C:\My Data\Professional\FundooNotes\node_modules\express\lib\router\layer.js:95:5)
    at next (C:\My Data\Professional\FundooNotes\node_modules\express\lib\router\route.js:149:13)
    at Route.dispatch (C:\My Data\Professional\FundooNotes\node_modules\express\lib\router\route.js:119:3)
    at Layer.handle [as handle_request] (C:\My Data\Professional\FundooNotes\node_modules\express\lib\router\layer.js:95:5)
    at C:\My Data\Professional\FundooNotes\node_modules\express\lib\router\index.js:284:15
    at Function.process_params (C:\My Data\Professional\FundooNotes\node_modules\express\lib\router\index.js:346:12)
    at next (C:\My Data\Professional\FundooNotes\node_modules\express\lib\router\index.js:280:10)
    at Function.handle (C:\My Data\Professional\FundooNotes\node_modules\express\lib\router\index.js:175:3)
    at router (C:\My Data\Professional\FundooNotes\node_modules\express\lib\router\index.js:47:12)
    at Layer.handle [as handle_request] (C:\My Data\Professional\FundooNotes\node_modules\express\lib\router\layer.js:95:5)
    at trim_prefix (C:\My Data\Professional\FundooNotes\node_modules\express\lib\router\index.js:328:13)
    at C:\My Data\Professional\FundooNotes\node_modules\express\lib\router\index.js:286:9
    at Function.process_params (C:\My Data\Professional\FundooNotes\node_modules\express\lib\router\index.js:346:12)
    at next (C:\My Data\Professional\FundooNotes\node_modules\express\lib\router\index.js:280:10)
    at Function.handle (C:\My Data\Professional\FundooNotes\node_modules\express\lib\router\index.js:175:3)
    at router (C:\My Data\Professional\FundooNotes\node_modules\express\lib\router\index.js:47:12)
    at Layer.handle [as handle_request] (C:\My Data\Professional\FundooNotes\node_modules\express\lib\router\layer.js:95:5)
    at trim_prefix (C:\My Data\Professional\FundooNotes\node_modules\express\lib\router\index.js:328:13)
    at C:\My Data\Professional\FundooNotes\node_modules\express\lib\router\index.js:286:9
    at Function.process_params (C:\My Data\Professional\FundooNotes\node_modules\express\lib\router\index.js:346:12)
    at next (C:\My Data\Professional\FundooNotes\node_modules\express\lib\router\index.js:280:10)
    at logger (C:\My Data\Professional\FundooNotes\node_modules\morgan\index.js:144:5)
    at Layer.handle [as handle_request] (C:\My Data\Professional\FundooNotes\node_modules\express\lib\router\layer.js:95:5)
    at trim_prefix (C:\My Data\Professional\FundooNotes\node_modules\express\lib\router\index.js:328:13)
    at C:\My Data\Professional\FundooNotes\node_modules\express\lib\router\index.js:286:9
    at Function.process_params (C:\My Data\Professional\FundooNotes\node_modules\express\lib\router\index.js:346:12)
    at next (C:\My Data\Professional\FundooNotes\node_modules\express\lib\router\index.js:280:10)
    at C:\My Data\Professional\FundooNotes\node_modules\body-parser\lib\read.js:137:5
    at AsyncResource.runInAsyncScope (node:async_hooks:211:14)
    at invokeCallback (C:\My Data\Professional\FundooNotes\node_modules\raw-body\index.js:238:16)
    at done (C:\My Data\Professional\FundooNotes\node_modules\raw-body\index.js:227:7)
    at IncomingMessage.onEnd (C:\My Data\Professional\FundooNotes\node_modules\raw-body\index.js:287:7)
    at IncomingMessage.emit (node:events:513:28)
    at IncomingMessage.emit (node:domain:489:12)
    at endReadableNT (node:internal/streams/readable:1696:12)
    at processTicksAndRejections (node:internal/process/task_queues:90:21) 
    url - /api/v1/users/ 
    method - POST 
    IP - ::1
   {"timestamp":"2025-02-10T09:50:05.199Z"}
info: Server started at http://localhost:3000/api/v1/ {"timestamp":"2025-02-10T09:51:01.337Z"}
info: Connected to the database. {"timestamp":"2025-02-10T09:51:07.524Z"}
error: 
    status - 500 
    message - Error: Cannot apply rules to empty ruleset or the last rule added does not support rule properties
    at new module.exports (C:\My Data\Professional\FundooNotes\node_modules\@hapi\hoek\lib\error.js:23:19)
    at module.exports (C:\My Data\Professional\FundooNotes\node_modules\@hapi\hoek\lib\assert.js:21:11)
    at internals.Base.rule (C:\My Data\Professional\FundooNotes\node_modules\@hapi\joi\lib\base.js:465:9)
    at internals.Base.message (C:\My Data\Professional\FundooNotes\node_modules\@hapi\joi\lib\extend.js:145:29)
    at newUserValidator (C:\My Data\Professional\FundooNotes\src\validators\/user.validator.js:23:8)
    at Layer.handle [as handle_request] (C:\My Data\Professional\FundooNotes\node_modules\express\lib\router\layer.js:95:5)
    at next (C:\My Data\Professional\FundooNotes\node_modules\express\lib\router\route.js:149:13)
    at Route.dispatch (C:\My Data\Professional\FundooNotes\node_modules\express\lib\router\route.js:119:3)
    at Layer.handle [as handle_request] (C:\My Data\Professional\FundooNotes\node_modules\express\lib\router\layer.js:95:5)
    at C:\My Data\Professional\FundooNotes\node_modules\express\lib\router\index.js:284:15
    at Function.process_params (C:\My Data\Professional\FundooNotes\node_modules\express\lib\router\index.js:346:12)
    at next (C:\My Data\Professional\FundooNotes\node_modules\express\lib\router\index.js:280:10)
    at Function.handle (C:\My Data\Professional\FundooNotes\node_modules\express\lib\router\index.js:175:3)
    at router (C:\My Data\Professional\FundooNotes\node_modules\express\lib\router\index.js:47:12)
    at Layer.handle [as handle_request] (C:\My Data\Professional\FundooNotes\node_modules\express\lib\router\layer.js:95:5)
    at trim_prefix (C:\My Data\Professional\FundooNotes\node_modules\express\lib\router\index.js:328:13)
    at C:\My Data\Professional\FundooNotes\node_modules\express\lib\router\index.js:286:9
    at Function.process_params (C:\My Data\Professional\FundooNotes\node_modules\express\lib\router\index.js:346:12)
    at next (C:\My Data\Professional\FundooNotes\node_modules\express\lib\router\index.js:280:10)
    at Function.handle (C:\My Data\Professional\FundooNotes\node_modules\express\lib\router\index.js:175:3)
    at router (C:\My Data\Professional\FundooNotes\node_modules\express\lib\router\index.js:47:12)
    at Layer.handle [as handle_request] (C:\My Data\Professional\FundooNotes\node_modules\express\lib\router\layer.js:95:5)
    at trim_prefix (C:\My Data\Professional\FundooNotes\node_modules\express\lib\router\index.js:328:13)
    at C:\My Data\Professional\FundooNotes\node_modules\express\lib\router\index.js:286:9
    at Function.process_params (C:\My Data\Professional\FundooNotes\node_modules\express\lib\router\index.js:346:12)
    at next (C:\My Data\Professional\FundooNotes\node_modules\express\lib\router\index.js:280:10)
    at logger (C:\My Data\Professional\FundooNotes\node_modules\morgan\index.js:144:5)
    at Layer.handle [as handle_request] (C:\My Data\Professional\FundooNotes\node_modules\express\lib\router\layer.js:95:5)
    at trim_prefix (C:\My Data\Professional\FundooNotes\node_modules\express\lib\router\index.js:328:13)
    at C:\My Data\Professional\FundooNotes\node_modules\express\lib\router\index.js:286:9
    at Function.process_params (C:\My Data\Professional\FundooNotes\node_modules\express\lib\router\index.js:346:12)
    at next (C:\My Data\Professional\FundooNotes\node_modules\express\lib\router\index.js:280:10)
    at C:\My Data\Professional\FundooNotes\node_modules\body-parser\lib\read.js:137:5
    at AsyncResource.runInAsyncScope (node:async_hooks:211:14)
    at invokeCallback (C:\My Data\Professional\FundooNotes\node_modules\raw-body\index.js:238:16)
    at done (C:\My Data\Professional\FundooNotes\node_modules\raw-body\index.js:227:7)
    at IncomingMessage.onEnd (C:\My Data\Professional\FundooNotes\node_modules\raw-body\index.js:287:7)
    at IncomingMessage.emit (node:events:513:28)
    at IncomingMessage.emit (node:domain:489:12)
    at endReadableNT (node:internal/streams/readable:1696:12)
    at processTicksAndRejections (node:internal/process/task_queues:90:21) 
    url - /api/v1/users/ 
    method - POST 
    IP - ::1
   {"timestamp":"2025-02-10T09:51:45.159Z"}
error: 
    status - 500 
    message - Error: Cannot apply rules to empty ruleset or the last rule added does not support rule properties
    at new module.exports (C:\My Data\Professional\FundooNotes\node_modules\@hapi\hoek\lib\error.js:23:19)
    at module.exports (C:\My Data\Professional\FundooNotes\node_modules\@hapi\hoek\lib\assert.js:21:11)
    at internals.Base.rule (C:\My Data\Professional\FundooNotes\node_modules\@hapi\joi\lib\base.js:465:9)
    at internals.Base.message (C:\My Data\Professional\FundooNotes\node_modules\@hapi\joi\lib\extend.js:145:29)
    at newUserValidator (C:\My Data\Professional\FundooNotes\src\validators\/user.validator.js:23:8)
    at Layer.handle [as handle_request] (C:\My Data\Professional\FundooNotes\node_modules\express\lib\router\layer.js:95:5)
    at next (C:\My Data\Professional\FundooNotes\node_modules\express\lib\router\route.js:149:13)
    at Route.dispatch (C:\My Data\Professional\FundooNotes\node_modules\express\lib\router\route.js:119:3)
    at Layer.handle [as handle_request] (C:\My Data\Professional\FundooNotes\node_modules\express\lib\router\layer.js:95:5)
    at C:\My Data\Professional\FundooNotes\node_modules\express\lib\router\index.js:284:15
    at Function.process_params (C:\My Data\Professional\FundooNotes\node_modules\express\lib\router\index.js:346:12)
    at next (C:\My Data\Professional\FundooNotes\node_modules\express\lib\router\index.js:280:10)
    at Function.handle (C:\My Data\Professional\FundooNotes\node_modules\express\lib\router\index.js:175:3)
    at router (C:\My Data\Professional\FundooNotes\node_modules\express\lib\router\index.js:47:12)
    at Layer.handle [as handle_request] (C:\My Data\Professional\FundooNotes\node_modules\express\lib\router\layer.js:95:5)
    at trim_prefix (C:\My Data\Professional\FundooNotes\node_modules\express\lib\router\index.js:328:13)
    at C:\My Data\Professional\FundooNotes\node_modules\express\lib\router\index.js:286:9
    at Function.process_params (C:\My Data\Professional\FundooNotes\node_modules\express\lib\router\index.js:346:12)
    at next (C:\My Data\Professional\FundooNotes\node_modules\express\lib\router\index.js:280:10)
    at Function.handle (C:\My Data\Professional\FundooNotes\node_modules\express\lib\router\index.js:175:3)
    at router (C:\My Data\Professional\FundooNotes\node_modules\express\lib\router\index.js:47:12)
    at Layer.handle [as handle_request] (C:\My Data\Professional\FundooNotes\node_modules\express\lib\router\layer.js:95:5)
    at trim_prefix (C:\My Data\Professional\FundooNotes\node_modules\express\lib\router\index.js:328:13)
    at C:\My Data\Professional\FundooNotes\node_modules\express\lib\router\index.js:286:9
    at Function.process_params (C:\My Data\Professional\FundooNotes\node_modules\express\lib\router\index.js:346:12)
    at next (C:\My Data\Professional\FundooNotes\node_modules\express\lib\router\index.js:280:10)
    at logger (C:\My Data\Professional\FundooNotes\node_modules\morgan\index.js:144:5)
    at Layer.handle [as handle_request] (C:\My Data\Professional\FundooNotes\node_modules\express\lib\router\layer.js:95:5)
    at trim_prefix (C:\My Data\Professional\FundooNotes\node_modules\express\lib\router\index.js:328:13)
    at C:\My Data\Professional\FundooNotes\node_modules\express\lib\router\index.js:286:9
    at Function.process_params (C:\My Data\Professional\FundooNotes\node_modules\express\lib\router\index.js:346:12)
    at next (C:\My Data\Professional\FundooNotes\node_modules\express\lib\router\index.js:280:10)
    at C:\My Data\Professional\FundooNotes\node_modules\body-parser\lib\read.js:137:5
    at AsyncResource.runInAsyncScope (node:async_hooks:211:14)
    at invokeCallback (C:\My Data\Professional\FundooNotes\node_modules\raw-body\index.js:238:16)
    at done (C:\My Data\Professional\FundooNotes\node_modules\raw-body\index.js:227:7)
    at IncomingMessage.onEnd (C:\My Data\Professional\FundooNotes\node_modules\raw-body\index.js:287:7)
    at IncomingMessage.emit (node:events:513:28)
    at IncomingMessage.emit (node:domain:489:12)
    at endReadableNT (node:internal/streams/readable:1696:12)
    at processTicksAndRejections (node:internal/process/task_queues:90:21) 
    url - /api/v1/users/ 
    method - POST 
    IP - ::1
   {"timestamp":"2025-02-10T09:51:51.494Z"}
info: Server started at http://localhost:3000/api/v1/ {"timestamp":"2025-02-10T09:53:21.991Z"}
info: Connected to the database. {"timestamp":"2025-02-10T09:53:23.775Z"}
error: 
    status - 500 
    message - Error: Cannot apply rules to empty ruleset or the last rule added does not support rule properties
    at new module.exports (C:\My Data\Professional\FundooNotes\node_modules\@hapi\hoek\lib\error.js:23:19)
    at module.exports (C:\My Data\Professional\FundooNotes\node_modules\@hapi\hoek\lib\assert.js:21:11)
    at internals.Base.rule (C:\My Data\Professional\FundooNotes\node_modules\@hapi\joi\lib\base.js:465:9)
    at internals.Base.message (C:\My Data\Professional\FundooNotes\node_modules\@hapi\joi\lib\extend.js:145:29)
    at newUserValidator (C:\My Data\Professional\FundooNotes\src\validators\/user.validator.js:23:8)
    at Layer.handle [as handle_request] (C:\My Data\Professional\FundooNotes\node_modules\express\lib\router\layer.js:95:5)
    at next (C:\My Data\Professional\FundooNotes\node_modules\express\lib\router\route.js:149:13)
    at Route.dispatch (C:\My Data\Professional\FundooNotes\node_modules\express\lib\router\route.js:119:3)
    at Layer.handle [as handle_request] (C:\My Data\Professional\FundooNotes\node_modules\express\lib\router\layer.js:95:5)
    at C:\My Data\Professional\FundooNotes\node_modules\express\lib\router\index.js:284:15
    at Function.process_params (C:\My Data\Professional\FundooNotes\node_modules\express\lib\router\index.js:346:12)
    at next (C:\My Data\Professional\FundooNotes\node_modules\express\lib\router\index.js:280:10)
    at Function.handle (C:\My Data\Professional\FundooNotes\node_modules\express\lib\router\index.js:175:3)
    at router (C:\My Data\Professional\FundooNotes\node_modules\express\lib\router\index.js:47:12)
    at Layer.handle [as handle_request] (C:\My Data\Professional\FundooNotes\node_modules\express\lib\router\layer.js:95:5)
    at trim_prefix (C:\My Data\Professional\FundooNotes\node_modules\express\lib\router\index.js:328:13)
    at C:\My Data\Professional\FundooNotes\node_modules\express\lib\router\index.js:286:9
    at Function.process_params (C:\My Data\Professional\FundooNotes\node_modules\express\lib\router\index.js:346:12)
    at next (C:\My Data\Professional\FundooNotes\node_modules\express\lib\router\index.js:280:10)
    at Function.handle (C:\My Data\Professional\FundooNotes\node_modules\express\lib\router\index.js:175:3)
    at router (C:\My Data\Professional\FundooNotes\node_modules\express\lib\router\index.js:47:12)
    at Layer.handle [as handle_request] (C:\My Data\Professional\FundooNotes\node_modules\express\lib\router\layer.js:95:5)
    at trim_prefix (C:\My Data\Professional\FundooNotes\node_modules\express\lib\router\index.js:328:13)
    at C:\My Data\Professional\FundooNotes\node_modules\express\lib\router\index.js:286:9
    at Function.process_params (C:\My Data\Professional\FundooNotes\node_modules\express\lib\router\index.js:346:12)
    at next (C:\My Data\Professional\FundooNotes\node_modules\express\lib\router\index.js:280:10)
    at logger (C:\My Data\Professional\FundooNotes\node_modules\morgan\index.js:144:5)
    at Layer.handle [as handle_request] (C:\My Data\Professional\FundooNotes\node_modules\express\lib\router\layer.js:95:5)
    at trim_prefix (C:\My Data\Professional\FundooNotes\node_modules\express\lib\router\index.js:328:13)
    at C:\My Data\Professional\FundooNotes\node_modules\express\lib\router\index.js:286:9
    at Function.process_params (C:\My Data\Professional\FundooNotes\node_modules\express\lib\router\index.js:346:12)
    at next (C:\My Data\Professional\FundooNotes\node_modules\express\lib\router\index.js:280:10)
    at C:\My Data\Professional\FundooNotes\node_modules\body-parser\lib\read.js:137:5
    at AsyncResource.runInAsyncScope (node:async_hooks:211:14)
    at invokeCallback (C:\My Data\Professional\FundooNotes\node_modules\raw-body\index.js:238:16)
    at done (C:\My Data\Professional\FundooNotes\node_modules\raw-body\index.js:227:7)
    at IncomingMessage.onEnd (C:\My Data\Professional\FundooNotes\node_modules\raw-body\index.js:287:7)
    at IncomingMessage.emit (node:events:513:28)
    at IncomingMessage.emit (node:domain:489:12)
    at endReadableNT (node:internal/streams/readable:1696:12)
    at processTicksAndRejections (node:internal/process/task_queues:90:21) 
    url - /api/v1/users/ 
    method - POST 
    IP - ::1
   {"timestamp":"2025-02-10T09:53:26.033Z"}
info: Server started at http://localhost:3000/api/v1/ {"timestamp":"2025-02-10T09:54:01.522Z"}
info: Connected to the database. {"timestamp":"2025-02-10T09:54:02.229Z"}
info: Server started at http://localhost:3000/api/v1/ {"timestamp":"2025-02-10T09:54:07.719Z"}
info: Connected to the database. {"timestamp":"2025-02-10T09:54:08.420Z"}
info: Server started at http://localhost:3000/api/v1/ {"timestamp":"2025-02-10T09:54:25.515Z"}
info: Connected to the database. {"timestamp":"2025-02-10T09:54:26.939Z"}
info: Server started at http://localhost:3000/api/v1/ {"timestamp":"2025-02-10T09:54:39.610Z"}
info: Connected to the database. {"timestamp":"2025-02-10T09:54:41.129Z"}
info: Server started at http://localhost:3000/api/v1/ {"timestamp":"2025-02-10T09:55:21.901Z"}
info: Connected to the database. {"timestamp":"2025-02-10T09:55:22.562Z"}
info: Server started at http://localhost:3000/api/v1/ {"timestamp":"2025-02-10T09:56:10.878Z"}
info: Connected to the database. {"timestamp":"2025-02-10T09:56:13.276Z"}
error: 
    status - 500 
    message - ValidationError: Password must be at least 6 characters long, and include at least one uppercase letter, one lowercase letter, one number, and one special character. 
    url - /api/v1/users/ 
    method - POST 
    IP - ::1
   {"timestamp":"2025-02-10T09:56:15.890Z"}
error: 
    status - 500 
    message - ValidationError: Password must be at least 6 characters long, and include at least one uppercase letter, one lowercase letter, one number, and one special character. 
    url - /api/v1/users/ 
    method - POST 
    IP - ::1
   {"timestamp":"2025-02-10T09:56:25.565Z"}
info: Server started at http://localhost:3000/api/v1/ {"timestamp":"2025-02-10T09:57:55.922Z"}
info: Server started at http://localhost:3000/api/v1/ {"timestamp":"2025-02-10T09:58:00.843Z"}
info: Connected to the database. {"timestamp":"2025-02-10T09:58:01.706Z"}
info: Server started at http://localhost:3000/api/v1/ {"timestamp":"2025-02-11T05:12:57.916Z"}
info: Connected to the database. {"timestamp":"2025-02-11T05:13:00.941Z"}
info: Server started at http://localhost:3000/api/v1/ {"timestamp":"2025-02-11T05:14:31.826Z"}
info: Server started at http://localhost:3000/api/v1/ {"timestamp":"2025-02-11T05:14:51.521Z"}
info: Server started at http://localhost:3000/api/v1/ {"timestamp":"2025-02-11T05:14:58.132Z"}
info: Server started at http://localhost:3000/api/v1/ {"timestamp":"2025-02-11T05:15:22.778Z"}
info: Server started at http://localhost:3000/api/v1/ {"timestamp":"2025-02-11T05:15:35.997Z"}
info: Connected to the database. {"timestamp":"2025-02-11T05:15:37.811Z"}
info: Server started at http://localhost:3000/api/v1/ {"timestamp":"2025-02-11T05:15:56.438Z"}
info: Connected to the database. {"timestamp":"2025-02-11T05:15:57.371Z"}
info: Server started at http://localhost:3000/api/v1/ {"timestamp":"2025-02-11T05:16:31.589Z"}
info: Connected to the database. {"timestamp":"2025-02-11T05:16:35.854Z"}
info: Server started at http://localhost:3000/api/v1/ {"timestamp":"2025-02-11T05:16:42.143Z"}
info: Server started at http://localhost:3000/api/v1/ {"timestamp":"2025-02-11T05:17:05.850Z"}
info: Server started at http://localhost:3000/api/v1/ {"timestamp":"2025-02-11T05:17:11.124Z"}
info: Connected to the database. {"timestamp":"2025-02-11T05:17:12.234Z"}
info: Server started at http://localhost:3000/api/v1/ {"timestamp":"2025-02-11T05:17:48.713Z"}
info: Server started at http://localhost:3000/api/v1/ {"timestamp":"2025-02-11T05:18:07.383Z"}
info: Connected to the database. {"timestamp":"2025-02-11T05:18:09.615Z"}
info: Server started at http://localhost:3000/api/v1/ {"timestamp":"2025-02-11T05:18:21.735Z"}
info: Connected to the database. {"timestamp":"2025-02-11T05:18:22.830Z"}
info: Server started at http://localhost:3000/api/v1/ {"timestamp":"2025-02-11T05:18:32.074Z"}
info: Connected to the database. {"timestamp":"2025-02-11T05:18:33.165Z"}
info: Server started at http://localhost:3000/api/v1/ {"timestamp":"2025-02-11T05:19:29.935Z"}
info: Connected to the database. {"timestamp":"2025-02-11T05:19:38.305Z"}
info: Server started at http://localhost:3000/api/v1/ {"timestamp":"2025-02-11T05:21:21.385Z"}
info: Connected to the database. {"timestamp":"2025-02-11T05:21:24.143Z"}
info: Server started at http://localhost:3000/api/v1/ {"timestamp":"2025-02-11T05:22:16.860Z"}
info: Server started at http://localhost:3000/api/v1/ {"timestamp":"2025-02-11T05:22:23.141Z"}
error: Could not connect to the database. querySrv ENOTFOUND _mongodb._tcp.cluster0.rxit5.mongodb.net {"code":"ENOTFOUND","hostname":"_mongodb._tcp.cluster0.rxit5.mongodb.net","stack":"Error: querySrv ENOTFOUND _mongodb._tcp.cluster0.rxit5.mongodb.net\n    at QueryReqWrap.onresolve [as oncomplete] (node:internal/dns/callback_resolver:45:19)","syscall":"querySrv","timestamp":"2025-02-11T05:22:27.925Z"}
info: Server started at http://localhost:3000/api/v1/ {"timestamp":"2025-02-11T05:23:44.115Z"}
info: Connected to the database. {"timestamp":"2025-02-11T05:23:47.494Z"}
error: 
    status - 500 
    message - ValidationError: "phoneNumber" is not allowed 
    url - /api/v1/users/ 
    method - POST 
    IP - ::1
   {"timestamp":"2025-02-11T05:24:27.580Z"}
info: Server started at http://localhost:3000/api/v1/ {"timestamp":"2025-02-11T05:26:23.996Z"}
error: 
    status - 500 
    message - ValidationError: "phoneNumber" must be larger than or equal to 6000000000 
    url - /api/v1/users/ 
    method - POST 
    IP - ::1
   {"timestamp":"2025-02-11T05:26:28.280Z"}
info: Connected to the database. {"timestamp":"2025-02-11T05:26:32.517Z"}
info: Server started at http://localhost:3000/api/v1/ {"timestamp":"2025-02-11T05:26:51.303Z"}
info: Connected to the database. {"timestamp":"2025-02-11T05:26:51.865Z"}
info: Server started at http://localhost:3000/api/v1/ {"timestamp":"2025-02-11T05:27:42.525Z"}
info: Connected to the database. {"timestamp":"2025-02-11T05:27:43.757Z"}
info: Server started at http://localhost:3000/api/v1/ {"timestamp":"2025-02-11T05:29:17.419Z"}
info: Server started at http://localhost:3000/api/v1/ {"timestamp":"2025-02-11T05:29:29.505Z"}
info: Connected to the database. {"timestamp":"2025-02-11T05:29:30.487Z"}
info: Server started at http://localhost:3000/api/v1/ {"timestamp":"2025-02-11T05:30:45.692Z"}
info: Server started at http://localhost:3000/api/v1/ {"timestamp":"2025-02-11T05:30:57.761Z"}
info: Connected to the database. {"timestamp":"2025-02-11T05:30:58.819Z"}
info: Server started at http://localhost:3000/api/v1/ {"timestamp":"2025-02-11T05:32:17.568Z"}
info: Connected to the database. {"timestamp":"2025-02-11T05:32:20.070Z"}
info: Server started at http://localhost:3000/api/v1/ {"timestamp":"2025-02-11T05:36:41.679Z"}
info: Connected to the database. {"timestamp":"2025-02-11T05:36:44.092Z"}
info: Server started at http://localhost:3000/api/v1/ {"timestamp":"2025-02-11T05:38:14.134Z"}
info: Connected to the database. {"timestamp":"2025-02-11T05:38:19.415Z"}
info: Server started at http://localhost:3000/api/v1/ {"timestamp":"2025-02-11T05:38:26.059Z"}
info: Connected to the database. {"timestamp":"2025-02-11T05:38:26.684Z"}
info: Server started at http://localhost:3000/api/v1/ {"timestamp":"2025-02-11T05:38:57.635Z"}
info: Connected to the database. {"timestamp":"2025-02-11T05:38:59.041Z"}
info: Server started at http://localhost:3000/api/v1/ {"timestamp":"2025-02-11T05:40:00.814Z"}
info: Server started at http://localhost:3000/api/v1/ {"timestamp":"2025-02-11T05:40:06.999Z"}
info: Connected to the database. {"timestamp":"2025-02-11T05:40:08.038Z"}
info: Server started at http://localhost:3000/api/v1/ {"timestamp":"2025-02-11T05:40:34.731Z"}
info: Server started at http://localhost:3000/api/v1/ {"timestamp":"2025-02-11T05:40:39.567Z"}
info: Connected to the database. {"timestamp":"2025-02-11T05:40:40.443Z"}
info: Server started at http://localhost:3000/api/v1/ {"timestamp":"2025-02-11T05:42:29.423Z"}
info: Connected to the database. {"timestamp":"2025-02-11T05:42:30.773Z"}
info: Server started at http://localhost:3000/api/v1/ {"timestamp":"2025-02-11T05:42:41.107Z"}
info: Connected to the database. {"timestamp":"2025-02-11T05:42:41.754Z"}
info: Server started at http://localhost:3000/api/v1/ {"timestamp":"2025-02-11T05:42:54.244Z"}
info: Connected to the database. {"timestamp":"2025-02-11T05:42:55.410Z"}
info: Server started at http://localhost:3000/api/v1/ {"timestamp":"2025-02-11T05:43:20.673Z"}
info: Connected to the database. {"timestamp":"2025-02-11T05:43:21.426Z"}
info: Server started at http://localhost:3000/api/v1/ {"timestamp":"2025-02-11T05:44:33.618Z"}
info: Connected to the database. {"timestamp":"2025-02-11T05:44:34.963Z"}
info: Server started at http://localhost:3000/api/v1/ {"timestamp":"2025-02-11T05:44:55.625Z"}
info: Connected to the database. {"timestamp":"2025-02-11T05:44:57.244Z"}
info: Server started at http://localhost:3000/api/v1/ {"timestamp":"2025-02-11T05:45:17.992Z"}
info: Connected to the database. {"timestamp":"2025-02-11T05:45:18.998Z"}
info: Server started at http://localhost:3000/api/v1/ {"timestamp":"2025-02-11T05:45:26.401Z"}
info: Connected to the database. {"timestamp":"2025-02-11T05:45:27.077Z"}
info: Server started at http://localhost:3000/api/v1/ {"timestamp":"2025-02-11T05:46:28.806Z"}
info: Connected to the database. {"timestamp":"2025-02-11T05:46:38.801Z"}
info: Server started at http://localhost:3000/api/v1/ {"timestamp":"2025-02-11T05:47:28.139Z"}
info: Connected to the database. {"timestamp":"2025-02-11T05:47:31.901Z"}
info: Server started at http://localhost:3000/api/v1/ {"timestamp":"2025-02-11T05:48:16.244Z"}
info: Server started at http://localhost:3000/api/v1/ {"timestamp":"2025-02-11T05:49:16.567Z"}
info: Connected to the database. {"timestamp":"2025-02-11T05:49:17.595Z"}
info: Server started at http://localhost:3000/api/v1/ {"timestamp":"2025-02-11T05:49:38.227Z"}
info: Server started at http://localhost:3000/api/v1/ {"timestamp":"2025-02-11T05:49:57.177Z"}
info: Connected to the database. {"timestamp":"2025-02-11T05:49:58.440Z"}
info: Server started at http://localhost:3000/api/v1/ {"timestamp":"2025-02-11T05:50:13.327Z"}
info: Connected to the database. {"timestamp":"2025-02-11T05:50:15.131Z"}
info: Server started at http://localhost:3000/api/v1/ {"timestamp":"2025-02-11T05:50:29.506Z"}
error: Could not connect to the database. bad auth : Authentication failed. {"code":8000,"codeName":"AtlasError","name":"MongoError","ok":0,"stack":"MongoError: bad auth : Authentication failed.\n    at MessageStream.messageHandler (C:\\My Data\\Professional\\FundooNotes\\node_modules\\mongodb\\lib\\cmap\\connection.js:299:20)\n    at MessageStream.emit (node:events:513:28)\n    at MessageStream.emit (node:domain:489:12)\n    at processIncomingData (C:\\My Data\\Professional\\FundooNotes\\node_modules\\mongodb\\lib\\cmap\\message_stream.js:144:12)\n    at MessageStream._write (C:\\My Data\\Professional\\FundooNotes\\node_modules\\mongodb\\lib\\cmap\\message_stream.js:42:5)\n    at writeOrBuffer (node:internal/streams/writable:570:12)\n    at _write (node:internal/streams/writable:499:10)\n    at MessageStream.Writable.write (node:internal/streams/writable:508:10)\n    at TLSSocket.ondata (node:internal/streams/readable:1007:22)\n    at TLSSocket.emit (node:events:513:28)\n    at TLSSocket.emit (node:domain:489:12)\n    at addChunk (node:internal/streams/readable:559:12)\n    at readableAddChunkPushByteMode (node:internal/streams/readable:510:3)\n    at TLSSocket.Readable.push (node:internal/streams/readable:390:5)\n    at TLSWrap.onStreamRead (node:internal/stream_base_commons:189:23)","timestamp":"2025-02-11T05:50:30.753Z"}
info: Server started at http://localhost:3000/api/v1/ {"timestamp":"2025-02-11T05:51:10.963Z"}
info: Server started at http://localhost:3000/api/v1/ {"timestamp":"2025-02-11T05:51:17.094Z"}
info: Server started at http://localhost:3000/api/v1/ {"timestamp":"2025-02-11T05:51:25.867Z"}
info: Server started at http://localhost:3000/api/v1/ {"timestamp":"2025-02-11T05:51:32.640Z"}
info: Server started at http://localhost:3000/api/v1/ {"timestamp":"2025-02-11T05:52:14.469Z"}
info: Server started at http://localhost:3000/api/v1/ {"timestamp":"2025-02-11T05:52:55.972Z"}
info: Connected to the database. {"timestamp":"2025-02-11T05:52:58.199Z"}
info: Server started at http://localhost:3000/api/v1/ {"timestamp":"2025-02-11T05:53:05.205Z"}
info: Connected to the database. {"timestamp":"2025-02-11T05:53:06.537Z"}
info: Server started at http://localhost:3000/api/v1/ {"timestamp":"2025-02-11T05:53:35.279Z"}
info: Connected to the database. {"timestamp":"2025-02-11T05:53:35.957Z"}
info: Server started at http://localhost:3000/api/v1/ {"timestamp":"2025-02-11T05:53:48.412Z"}
info: Connected to the database. {"timestamp":"2025-02-11T05:53:48.984Z"}
info: Server started at http://localhost:3000/api/v1/ {"timestamp":"2025-02-11T05:54:42.087Z"}
info: Connected to the database. {"timestamp":"2025-02-11T05:54:42.979Z"}
info: Server started at http://localhost:3000/api/v1/ {"timestamp":"2025-02-11T05:55:11.838Z"}
info: Connected to the database. {"timestamp":"2025-02-11T05:55:12.624Z"}
info: Server started at http://localhost:3000/api/v1/ {"timestamp":"2025-02-11T05:56:47.638Z"}
info: Connected to the database. {"timestamp":"2025-02-11T05:56:52.272Z"}
info: Server started at http://localhost:3000/api/v1/ {"timestamp":"2025-02-11T05:58:33.864Z"}
info: Connected to the database. {"timestamp":"2025-02-11T05:58:35.652Z"}
error: 
    status - 500 
    message - ValidationError: "name" is required 
    url - /api/v1/users/ 
    method - POST 
    IP - ::1
   {"timestamp":"2025-02-11T05:58:42.879Z"}
info: Server started at http://localhost:3000/api/v1/ {"timestamp":"2025-02-11T06:02:01.475Z"}
info: Connected to the database. {"timestamp":"2025-02-11T06:02:02.876Z"}
info: Server started at http://localhost:3000/api/v1/ {"timestamp":"2025-02-11T06:02:12.605Z"}
info: Connected to the database. {"timestamp":"2025-02-11T06:02:13.456Z"}
error: 
    status - 500 
    message - ValidationError: "name" is required 
    url - /api/v1/users/ 
    method - POST 
    IP - ::1
   {"timestamp":"2025-02-11T06:02:18.269Z"}
info: Server started at http://localhost:3000/api/v1/ {"timestamp":"2025-02-11T06:13:43.331Z"}
info: Connected to the database. {"timestamp":"2025-02-11T06:13:48.405Z"}
info: Server started at http://localhost:3000/api/v1/ {"timestamp":"2025-02-11T06:15:16.520Z"}
info: Connected to the database. {"timestamp":"2025-02-11T06:15:18.649Z"}
info: Server started at http://localhost:3000/api/v1/ {"timestamp":"2025-02-11T06:15:32.861Z"}
info: Connected to the database. {"timestamp":"2025-02-11T06:15:33.681Z"}
info: Server started at http://localhost:3000/api/v1/ {"timestamp":"2025-02-11T07:55:59.819Z"}
info: Connected to the database. {"timestamp":"2025-02-11T07:56:09.714Z"}
info: Server started at http://localhost:3000/api/v1/ {"timestamp":"2025-02-11T08:07:35.578Z"}
error: Could not connect to the database. querySrv ECONNREFUSED _mongodb._tcp.cluster0.rxit5.mongodb.net {"code":"ECONNREFUSED","hostname":"_mongodb._tcp.cluster0.rxit5.mongodb.net","stack":"Error: querySrv ECONNREFUSED _mongodb._tcp.cluster0.rxit5.mongodb.net\n    at QueryReqWrap.onresolve [as oncomplete] (node:internal/dns/callback_resolver:45:19)","syscall":"querySrv","timestamp":"2025-02-11T08:07:35.589Z"}
info: Server started at http://localhost:3000/api/v1/ {"timestamp":"2025-02-11T08:27:57.117Z"}
info: Connected to the database. {"timestamp":"2025-02-11T08:28:00.147Z"}
info: Server started at http://localhost:3000/api/v1/ {"timestamp":"2025-02-11T08:28:13.075Z"}
info: Server started at http://localhost:3000/api/v1/ {"timestamp":"2025-02-11T08:28:55.796Z"}
info: Connected to the database. {"timestamp":"2025-02-11T08:28:56.315Z"}
info: Server started at http://localhost:3000/api/v1/ {"timestamp":"2025-02-11T08:29:08.800Z"}
info: Connected to the database. {"timestamp":"2025-02-11T08:29:11.800Z"}
info: Server started at http://localhost:3000/api/v1/ {"timestamp":"2025-02-11T08:29:19.779Z"}
info: Connected to the database. {"timestamp":"2025-02-11T08:29:20.352Z"}
info: Server started at http://localhost:3000/api/v1/ {"timestamp":"2025-02-11T08:29:26.331Z"}
info: Connected to the database. {"timestamp":"2025-02-11T08:29:26.851Z"}
info: Server started at http://localhost:3000/api/v1/ {"timestamp":"2025-02-11T08:30:06.518Z"}
info: Connected to the database. {"timestamp":"2025-02-11T08:30:07.494Z"}
info: Server started at http://localhost:3000/api/v1/ {"timestamp":"2025-02-11T08:30:25.721Z"}
info: Server started at http://localhost:3000/api/v1/ {"timestamp":"2025-02-11T08:30:33.794Z"}
info: Server started at http://localhost:3000/api/v1/ {"timestamp":"2025-02-11T08:30:38.745Z"}
info: Connected to the database. {"timestamp":"2025-02-11T08:30:39.269Z"}
info: Server started at http://localhost:3000/api/v1/ {"timestamp":"2025-02-11T08:30:54.067Z"}
info: Connected to the database. {"timestamp":"2025-02-11T08:30:54.907Z"}
info: Server started at http://localhost:3000/api/v1/ {"timestamp":"2025-02-11T08:30:59.750Z"}
info: Connected to the database. {"timestamp":"2025-02-11T08:31:00.280Z"}
info: Server started at http://localhost:3000/api/v1/ {"timestamp":"2025-02-11T08:31:10.822Z"}
info: Connected to the database. {"timestamp":"2025-02-11T08:31:11.497Z"}
info: Server started at http://localhost:3000/api/v1/ {"timestamp":"2025-02-11T08:31:27.620Z"}
info: Connected to the database. {"timestamp":"2025-02-11T08:31:29.411Z"}
info: Server started at http://localhost:3000/api/v1/ {"timestamp":"2025-02-11T08:32:11.735Z"}
info: Server started at http://localhost:3000/api/v1/ {"timestamp":"2025-02-11T08:32:22.214Z"}
info: Connected to the database. {"timestamp":"2025-02-11T08:32:22.737Z"}
info: Server started at http://localhost:3000/api/v1/ {"timestamp":"2025-02-11T08:32:51.277Z"}
error: Could not connect to the database. querySrv ENOTFOUND _mongodb._tcp.cluster0.rxit5.mongodb.net {"code":"ENOTFOUND","hostname":"_mongodb._tcp.cluster0.rxit5.mongodb.net","stack":"Error: querySrv ENOTFOUND _mongodb._tcp.cluster0.rxit5.mongodb.net\n    at QueryReqWrap.onresolve [as oncomplete] (node:internal/dns/callback_resolver:45:19)","syscall":"querySrv","timestamp":"2025-02-11T08:32:52.606Z"}
info: Server started at http://localhost:3000/api/v1/ {"timestamp":"2025-02-11T08:33:24.285Z"}
info: Server started at http://localhost:3000/api/v1/ {"timestamp":"2025-02-11T08:33:30.003Z"}
info: Server started at http://localhost:3000/api/v1/ {"timestamp":"2025-02-11T08:33:39.343Z"}
info: Connected to the database. {"timestamp":"2025-02-11T08:33:39.902Z"}
info: Server started at http://localhost:3000/api/v1/ {"timestamp":"2025-02-11T08:34:17.510Z"}
info: Connected to the database. {"timestamp":"2025-02-11T08:34:18.555Z"}
info: Server started at http://localhost:3000/api/v1/ {"timestamp":"2025-02-11T08:34:36.206Z"}
info: Server started at http://localhost:3000/api/v1/ {"timestamp":"2025-02-11T08:34:42.336Z"}
info: Connected to the database. {"timestamp":"2025-02-11T08:34:42.910Z"}
info: Server started at http://localhost:3000/api/v1/ {"timestamp":"2025-02-11T08:34:58.993Z"}
info: Connected to the database. {"timestamp":"2025-02-11T08:34:59.536Z"}
info: Server started at http://localhost:3000/api/v1/ {"timestamp":"2025-02-11T08:35:10.584Z"}
info: Connected to the database. {"timestamp":"2025-02-11T08:35:11.693Z"}
info: Server started at http://localhost:3000/api/v1/ {"timestamp":"2025-02-11T08:35:24.030Z"}
info: Connected to the database. {"timestamp":"2025-02-11T08:35:25.197Z"}
info: Server started at http://localhost:3000/api/v1/ {"timestamp":"2025-02-11T08:35:45.029Z"}
info: Connected to the database. {"timestamp":"2025-02-11T08:35:45.896Z"}
info: Server started at http://localhost:3000/api/v1/ {"timestamp":"2025-02-11T08:35:54.916Z"}
info: Connected to the database. {"timestamp":"2025-02-11T08:35:55.527Z"}
info: Server started at http://localhost:3000/api/v1/ {"timestamp":"2025-02-11T08:36:21.350Z"}
info: Connected to the database. {"timestamp":"2025-02-11T08:36:21.989Z"}
info: Server started at http://localhost:3000/api/v1/ {"timestamp":"2025-02-11T08:36:45.481Z"}
info: Server started at http://localhost:3000/api/v1/ {"timestamp":"2025-02-11T08:36:51.835Z"}
info: Connected to the database. {"timestamp":"2025-02-11T08:36:52.368Z"}
info: Server started at http://localhost:3000/api/v1/ {"timestamp":"2025-02-11T08:36:59.807Z"}
info: Server started at http://localhost:3000/api/v1/ {"timestamp":"2025-02-11T08:37:05.156Z"}
info: Connected to the database. {"timestamp":"2025-02-11T08:37:06.260Z"}
info: Server started at http://localhost:3000/api/v1/ {"timestamp":"2025-02-11T08:42:33.835Z"}
info: Connected to the database. {"timestamp":"2025-02-11T08:42:37.789Z"}
info: Server started at http://localhost:3000/api/v1/ {"timestamp":"2025-02-11T08:43:29.777Z"}
info: Connected to the database. {"timestamp":"2025-02-11T08:43:30.342Z"}
info: Server started at http://localhost:3000/api/v1/ {"timestamp":"2025-02-11T08:47:24.214Z"}
info: Connected to the database. {"timestamp":"2025-02-11T08:47:34.347Z"}
info: Server started at http://localhost:3000/api/v1/ {"timestamp":"2025-02-11T08:50:35.602Z"}
info: Connected to the database. {"timestamp":"2025-02-11T08:50:38.182Z"}
info: Server started at http://localhost:3000/api/v1/ {"timestamp":"2025-02-11T08:50:57.302Z"}
info: Connected to the database. {"timestamp":"2025-02-11T08:50:57.887Z"}
info: Server started at http://localhost:3000/api/v1/ {"timestamp":"2025-02-11T08:53:55.818Z"}
info: Connected to the database. {"timestamp":"2025-02-11T08:54:01.295Z"}
info: Server started at http://localhost:3000/api/v1/ {"timestamp":"2025-02-11T08:54:44.194Z"}
info: Connected to the database. {"timestamp":"2025-02-11T08:54:45.245Z"}
info: Server started at http://localhost:3000/api/v1/ {"timestamp":"2025-02-11T08:55:00.371Z"}
info: Connected to the database. {"timestamp":"2025-02-11T08:55:02.275Z"}
info: Server started at http://localhost:3000/api/v1/ {"timestamp":"2025-02-11T08:56:03.849Z"}
info: Connected to the database. {"timestamp":"2025-02-11T08:56:10.558Z"}
info: Server started at http://localhost:3000/api/v1/ {"timestamp":"2025-02-11T08:57:27.873Z"}
info: Connected to the database. {"timestamp":"2025-02-11T08:57:29.861Z"}
info: Server started at http://localhost:3000/api/v1/ {"timestamp":"2025-02-11T08:57:46.786Z"}
info: Connected to the database. {"timestamp":"2025-02-11T08:57:47.362Z"}
info: Server started at http://localhost:3000/api/v1/ {"timestamp":"2025-02-11T08:58:00.186Z"}
info: Connected to the database. {"timestamp":"2025-02-11T08:58:00.747Z"}
info: Server started at http://localhost:3000/api/v1/ {"timestamp":"2025-02-11T08:58:13.482Z"}
info: Connected to the database. {"timestamp":"2025-02-11T08:58:14.517Z"}
info: Server started at http://localhost:3000/api/v1/ {"timestamp":"2025-02-11T08:58:22.380Z"}
info: Connected to the database. {"timestamp":"2025-02-11T08:58:23.239Z"}
info: Server started at http://localhost:3000/api/v1/ {"timestamp":"2025-02-11T08:58:33.508Z"}
info: Connected to the database. {"timestamp":"2025-02-11T08:58:35.719Z"}
info: Server started at http://localhost:3000/api/v1/ {"timestamp":"2025-02-11T08:58:59.501Z"}
info: Connected to the database. {"timestamp":"2025-02-11T08:59:00.549Z"}
info: Server started at http://localhost:3000/api/v1/ {"timestamp":"2025-02-11T08:59:39.137Z"}
info: Connected to the database. {"timestamp":"2025-02-11T08:59:41.151Z"}
info: Server started at http://localhost:3000/api/v1/ {"timestamp":"2025-02-11T09:00:09.939Z"}
info: Connected to the database. {"timestamp":"2025-02-11T09:00:10.923Z"}
info: Server started at http://localhost:3000/api/v1/ {"timestamp":"2025-02-11T09:00:42.712Z"}
info: Connected to the database. {"timestamp":"2025-02-11T09:00:44.539Z"}
info: Server started at http://localhost:3000/api/v1/ {"timestamp":"2025-02-11T09:21:10.176Z"}
info: Connected to the database. {"timestamp":"2025-02-11T09:21:13.138Z"}
info: Server started at http://localhost:3000/api/v1/ {"timestamp":"2025-02-11T09:24:08.365Z"}
info: Connected to the database. {"timestamp":"2025-02-11T09:24:16.140Z"}
info: Server started at http://localhost:3000/api/v1/ {"timestamp":"2025-02-11T09:27:40.074Z"}
error: Could not connect to the database. querySrv ENOTFOUND _mongodb._tcp.cluster0.rxit5.mongodb.net {"code":"ENOTFOUND","hostname":"_mongodb._tcp.cluster0.rxit5.mongodb.net","stack":"Error: querySrv ENOTFOUND _mongodb._tcp.cluster0.rxit5.mongodb.net\n    at QueryReqWrap.onresolve [as oncomplete] (node:internal/dns/callback_resolver:45:19)","syscall":"querySrv","timestamp":"2025-02-11T09:27:41.799Z"}
error: 
    status - 500 
    message - ValidationError: "name" is required 
    url - /api/v1/users/ 
    method - POST 
    IP - ::1
   {"timestamp":"2025-02-11T09:28:04.563Z"}
